time="2020-09-10T22:31:16+07:00" level=info msg="ENVIRONMENT VARIABLE"
time="2020-09-10T22:31:16+07:00" level=info msg="GRPC_SERVICE_LOGIN_HOST= tcp"
time="2020-09-10T22:31:16+07:00" level=info msg="GRPC_SERVICE_LOGIN_PORT= 9000"
time="2020-09-10T22:31:16+07:00" level=info msg="SERVICE_MONTIR_HOST= localhost"
time="2020-09-10T22:31:16+07:00" level=info msg="SERVICE_MONTIR_PORT= 8000"
time="2020-09-10T22:31:16+07:00" level=info msg="SERVICE_USER_HOST= localhost"
time="2020-09-10T22:31:16+07:00" level=info msg="SERVICE_USER_PORT= 7000"
time="2020-09-10T22:31:16+07:00" level=info msg="Starting Login-Service server at port 9000"
time="2020-09-10T22:37:42+07:00" level=info msg="ENVIRONMENT VARIABLE"
time="2020-09-10T22:37:42+07:00" level=info msg="GRPC_SERVICE_LOGIN_HOST= tcp"
time="2020-09-10T22:37:42+07:00" level=info msg="GRPC_SERVICE_LOGIN_PORT= 9000"
time="2020-09-10T22:37:42+07:00" level=info msg="SERVICE_MONTIR_HOST= localhost"
time="2020-09-10T22:37:42+07:00" level=info msg="SERVICE_MONTIR_PORT= 8000"
time="2020-09-10T22:37:42+07:00" level=info msg="SERVICE_USER_HOST= localhost"
time="2020-09-10T22:37:42+07:00" level=info msg="SERVICE_USER_PORT= 7000"
time="2020-09-10T22:37:42+07:00" level=info msg="Starting Login-Service server at port 9000"
time="2020-09-10T22:43:33+07:00" level=info msg="ENVIRONMENT VARIABLE"
time="2020-09-10T22:43:34+07:00" level=info msg="GRPC_SERVICE_LOGIN_HOST= tcp"
time="2020-09-10T22:43:34+07:00" level=info msg="GRPC_SERVICE_LOGIN_PORT= 9000"
time="2020-09-10T22:43:34+07:00" level=info msg="SERVICE_MONTIR_HOST= localhost"
time="2020-09-10T22:43:34+07:00" level=info msg="SERVICE_MONTIR_PORT= 8000"
time="2020-09-10T22:43:34+07:00" level=info msg="SERVICE_USER_HOST= localhost"
time="2020-09-10T22:43:34+07:00" level=info msg="SERVICE_USER_PORT= 7000"
time="2020-09-10T22:43:34+07:00" level=info msg="Starting Login-Service server at port 9000"
time="2020-09-10T22:47:13+07:00" level=info msg="ENVIRONMENT VARIABLE"
time="2020-09-10T22:47:13+07:00" level=info msg="GRPC_SERVICE_LOGIN_HOST= tcp"
time="2020-09-10T22:47:13+07:00" level=info msg="GRPC_SERVICE_LOGIN_PORT= 9000"
time="2020-09-10T22:47:13+07:00" level=info msg="SERVICE_MONTIR_HOST= localhost"
time="2020-09-10T22:47:13+07:00" level=info msg="SERVICE_MONTIR_PORT= 8000"
time="2020-09-10T22:47:13+07:00" level=info msg="SERVICE_USER_HOST= localhost"
time="2020-09-10T22:47:13+07:00" level=info msg="SERVICE_USER_PORT= 7000"
time="2020-09-10T22:47:13+07:00" level=info msg="Starting Login-Service server at port 9000"
time="2020-09-10T22:48:55+07:00" level=info msg="ENVIRONMENT VARIABLE"
time="2020-09-10T22:48:55+07:00" level=info msg="GRPC_SERVICE_LOGIN_HOST= tcp"
time="2020-09-10T22:48:55+07:00" level=info msg="GRPC_SERVICE_LOGIN_PORT= 9000"
time="2020-09-10T22:48:55+07:00" level=info msg="SERVICE_MONTIR_HOST= localhost"
time="2020-09-10T22:48:55+07:00" level=info msg="SERVICE_MONTIR_PORT= 8000"
time="2020-09-10T22:48:55+07:00" level=info msg="SERVICE_USER_HOST= localhost"
time="2020-09-10T22:48:55+07:00" level=info msg="SERVICE_USER_PORT= 7000"
time="2020-09-10T22:48:55+07:00" level=info msg="Starting Login-Service server at port 9000"
time="2020-09-10T22:50:50+07:00" level=info msg="ENVIRONMENT VARIABLE"
time="2020-09-10T22:50:50+07:00" level=info msg="GRPC_SERVICE_LOGIN_HOST= tcp"
time="2020-09-10T22:50:50+07:00" level=info msg="GRPC_SERVICE_LOGIN_PORT= 9000"
time="2020-09-10T22:50:50+07:00" level=info msg="SERVICE_MONTIR_HOST= localhost"
time="2020-09-10T22:50:50+07:00" level=info msg="SERVICE_MONTIR_PORT= 8000"
time="2020-09-10T22:50:50+07:00" level=info msg="SERVICE_USER_HOST= localhost"
time="2020-09-10T22:50:50+07:00" level=info msg="SERVICE_USER_PORT= 7000"
time="2020-09-10T22:50:50+07:00" level=info msg="Starting Login-Service server at port 9000"
time="2020-09-10T22:53:13+07:00" level=info msg="ENVIRONMENT VARIABLE"
time="2020-09-10T22:53:13+07:00" level=info msg="GRPC_SERVICE_LOGIN_HOST= tcp"
time="2020-09-10T22:53:13+07:00" level=info msg="GRPC_SERVICE_LOGIN_PORT= 9000"
time="2020-09-10T22:53:13+07:00" level=info msg="SERVICE_MONTIR_HOST= localhost"
time="2020-09-10T22:53:13+07:00" level=info msg="SERVICE_MONTIR_PORT= 8000"
time="2020-09-10T22:53:13+07:00" level=info msg="SERVICE_USER_HOST= localhost"
time="2020-09-10T22:53:13+07:00" level=info msg="SERVICE_USER_PORT= 7000"
time="2020-09-10T22:53:13+07:00" level=info msg="Starting Login-Service server at port 9000"
time="2020-09-10T22:56:21+07:00" level=info msg="ENVIRONMENT VARIABLE"
time="2020-09-10T22:56:21+07:00" level=info msg="GRPC_SERVICE_LOGIN_HOST= tcp"
time="2020-09-10T22:56:21+07:00" level=info msg="GRPC_SERVICE_LOGIN_PORT= 9000"
time="2020-09-10T22:56:21+07:00" level=info msg="SERVICE_MONTIR_HOST= localhost"
time="2020-09-10T22:56:21+07:00" level=info msg="SERVICE_MONTIR_PORT= 8000"
time="2020-09-10T22:56:21+07:00" level=info msg="SERVICE_USER_HOST= localhost"
time="2020-09-10T22:56:21+07:00" level=info msg="SERVICE_USER_PORT= 7000"
time="2020-09-10T22:56:21+07:00" level=info msg="Starting Login-Service server at port 9000"
time="2020-09-10T23:43:32+07:00" level=info msg="ENVIRONMENT VARIABLE"
time="2020-09-10T23:43:32+07:00" level=info msg="GRPC_SERVICE_LOGIN_HOST= tcp"
time="2020-09-10T23:43:32+07:00" level=info msg="GRPC_SERVICE_LOGIN_PORT= 9000"
time="2020-09-10T23:43:32+07:00" level=info msg="SERVICE_MONTIR_HOST= localhost"
time="2020-09-10T23:43:32+07:00" level=info msg="SERVICE_MONTIR_PORT= 8000"
time="2020-09-10T23:43:32+07:00" level=info msg="SERVICE_USER_HOST= localhost"
time="2020-09-10T23:43:32+07:00" level=info msg="SERVICE_USER_PORT= 7000"
time="2020-09-10T23:43:32+07:00" level=info msg="Starting Login-Service server at port 9000"
time="2020-09-10T23:47:37+07:00" level=info msg="ENVIRONMENT VARIABLE"
time="2020-09-10T23:47:37+07:00" level=info msg="GRPC_SERVICE_LOGIN_HOST= tcp"
time="2020-09-10T23:47:37+07:00" level=info msg="GRPC_SERVICE_LOGIN_PORT= 9000"
time="2020-09-10T23:47:37+07:00" level=info msg="SERVICE_MONTIR_HOST= localhost"
time="2020-09-10T23:47:37+07:00" level=info msg="SERVICE_MONTIR_PORT= 8000"
time="2020-09-10T23:47:37+07:00" level=info msg="SERVICE_USER_HOST= localhost"
time="2020-09-10T23:47:37+07:00" level=info msg="SERVICE_USER_PORT= 7000"
time="2020-09-10T23:47:37+07:00" level=info msg="Starting Login-Service server at port 9000"
time="2020-09-10T23:48:59+07:00" level=info msg="ENVIRONMENT VARIABLE"
time="2020-09-10T23:48:59+07:00" level=info msg="GRPC_SERVICE_LOGIN_HOST= tcp"
time="2020-09-10T23:48:59+07:00" level=info msg="GRPC_SERVICE_LOGIN_PORT= 9000"
time="2020-09-10T23:48:59+07:00" level=info msg="SERVICE_MONTIR_HOST= localhost"
time="2020-09-10T23:48:59+07:00" level=info msg="SERVICE_MONTIR_PORT= 8000"
time="2020-09-10T23:48:59+07:00" level=info msg="SERVICE_USER_HOST= localhost"
time="2020-09-10T23:48:59+07:00" level=info msg="SERVICE_USER_PORT= 7000"
time="2020-09-10T23:48:59+07:00" level=info msg="Starting Login-Service server at port 9000"
time="2020-09-10T23:49:55+07:00" level=info msg="ENVIRONMENT VARIABLE"
time="2020-09-10T23:49:55+07:00" level=info msg="GRPC_SERVICE_LOGIN_HOST= tcp"
time="2020-09-10T23:49:55+07:00" level=info msg="GRPC_SERVICE_LOGIN_PORT= 9000"
time="2020-09-10T23:49:55+07:00" level=info msg="SERVICE_MONTIR_HOST= localhost"
time="2020-09-10T23:49:55+07:00" level=info msg="SERVICE_MONTIR_PORT= 8000"
time="2020-09-10T23:49:55+07:00" level=info msg="SERVICE_USER_HOST= localhost"
time="2020-09-10T23:49:55+07:00" level=info msg="SERVICE_USER_PORT= 7000"
time="2020-09-10T23:49:55+07:00" level=info msg="Starting Login-Service server at port 9000"
time="2020-09-10T23:50:40+07:00" level=info msg="ENVIRONMENT VARIABLE"
time="2020-09-10T23:50:40+07:00" level=info msg="GRPC_SERVICE_LOGIN_HOST= tcp"
time="2020-09-10T23:50:40+07:00" level=info msg="GRPC_SERVICE_LOGIN_PORT= 9000"
time="2020-09-10T23:50:40+07:00" level=info msg="SERVICE_MONTIR_HOST= localhost"
time="2020-09-10T23:50:40+07:00" level=info msg="SERVICE_MONTIR_PORT= 8000"
time="2020-09-10T23:50:40+07:00" level=info msg="SERVICE_USER_HOST= localhost"
time="2020-09-10T23:50:40+07:00" level=info msg="SERVICE_USER_PORT= 7000"
time="2020-09-10T23:50:40+07:00" level=info msg="Starting Login-Service server at port 9000"
time="2020-09-10T23:52:28+07:00" level=info msg="ENVIRONMENT VARIABLE"
time="2020-09-10T23:52:28+07:00" level=info msg="GRPC_SERVICE_LOGIN_HOST= tcp"
time="2020-09-10T23:52:28+07:00" level=info msg="GRPC_SERVICE_LOGIN_PORT= 9000"
time="2020-09-10T23:52:28+07:00" level=info msg="SERVICE_MONTIR_HOST= localhost"
time="2020-09-10T23:52:28+07:00" level=info msg="SERVICE_MONTIR_PORT= 8000"
time="2020-09-10T23:52:28+07:00" level=info msg="SERVICE_USER_HOST= localhost"
time="2020-09-10T23:52:28+07:00" level=info msg="SERVICE_USER_PORT= 7000"
time="2020-09-10T23:52:28+07:00" level=info msg="Starting Login-Service server at port 9000"
time="2020-09-10T23:56:13+07:00" level=info msg="ENVIRONMENT VARIABLE"
time="2020-09-10T23:56:13+07:00" level=info msg="GRPC_SERVICE_LOGIN_HOST= tcp"
time="2020-09-10T23:56:13+07:00" level=info msg="GRPC_SERVICE_LOGIN_PORT= 9000"
time="2020-09-10T23:56:13+07:00" level=info msg="SERVICE_MONTIR_HOST= localhost"
time="2020-09-10T23:56:13+07:00" level=info msg="SERVICE_MONTIR_PORT= 8000"
time="2020-09-10T23:56:13+07:00" level=info msg="SERVICE_USER_HOST= localhost"
time="2020-09-10T23:56:13+07:00" level=info msg="SERVICE_USER_PORT= 7000"
time="2020-09-10T23:56:13+07:00" level=info msg="Starting Login-Service server at port 9000"
time="2020-09-10T23:58:36+07:00" level=info msg="ENVIRONMENT VARIABLE"
time="2020-09-10T23:58:36+07:00" level=info msg="GRPC_SERVICE_LOGIN_HOST= tcp"
time="2020-09-10T23:58:36+07:00" level=info msg="GRPC_SERVICE_LOGIN_PORT= 9000"
time="2020-09-10T23:58:36+07:00" level=info msg="SERVICE_MONTIR_HOST= localhost"
time="2020-09-10T23:58:36+07:00" level=info msg="SERVICE_MONTIR_PORT= 8000"
time="2020-09-10T23:58:36+07:00" level=info msg="SERVICE_USER_HOST= localhost"
time="2020-09-10T23:58:36+07:00" level=info msg="SERVICE_USER_PORT= 7000"
time="2020-09-10T23:58:36+07:00" level=info msg="Starting Login-Service server at port 9000"
time="2020-09-11T00:00:31+07:00" level=info msg="rpc error: code = Unknown desc = sql: no rows in result set"
time="2020-09-11T00:01:09+07:00" level=info msg="ENVIRONMENT VARIABLE"
time="2020-09-11T00:01:09+07:00" level=info msg="GRPC_SERVICE_LOGIN_HOST= tcp"
time="2020-09-11T00:01:09+07:00" level=info msg="GRPC_SERVICE_LOGIN_PORT= 9000"
time="2020-09-11T00:01:09+07:00" level=info msg="SERVICE_MONTIR_HOST= localhost"
time="2020-09-11T00:01:09+07:00" level=info msg="SERVICE_MONTIR_PORT= 8000"
time="2020-09-11T00:01:09+07:00" level=info msg="SERVICE_USER_HOST= localhost"
time="2020-09-11T00:01:09+07:00" level=info msg="SERVICE_USER_PORT= 7000"
time="2020-09-11T00:01:09+07:00" level=info msg="Starting Login-Service server at port 9000"
time="2020-09-11T00:01:32+07:00" level=info msg="rpc error: code = Unknown desc = sql: no rows in result set"
time="2020-09-11T00:03:43+07:00" level=info msg="ENVIRONMENT VARIABLE"
time="2020-09-11T00:03:43+07:00" level=info msg="GRPC_SERVICE_LOGIN_HOST= tcp"
time="2020-09-11T00:03:43+07:00" level=info msg="GRPC_SERVICE_LOGIN_PORT= 9000"
time="2020-09-11T00:03:43+07:00" level=info msg="SERVICE_MONTIR_HOST= localhost"
time="2020-09-11T00:03:43+07:00" level=info msg="SERVICE_MONTIR_PORT= 8000"
time="2020-09-11T00:03:43+07:00" level=info msg="SERVICE_USER_HOST= localhost"
time="2020-09-11T00:03:43+07:00" level=info msg="SERVICE_USER_PORT= 7000"
time="2020-09-11T00:03:43+07:00" level=info msg="Starting Login-Service server at port 9000"
time="2020-09-11T00:05:10+07:00" level=info msg="ENVIRONMENT VARIABLE"
time="2020-09-11T00:05:10+07:00" level=info msg="GRPC_SERVICE_LOGIN_HOST= tcp"
time="2020-09-11T00:05:10+07:00" level=info msg="GRPC_SERVICE_LOGIN_PORT= 9000"
time="2020-09-11T00:05:10+07:00" level=info msg="SERVICE_MONTIR_HOST= localhost"
time="2020-09-11T00:05:10+07:00" level=info msg="SERVICE_MONTIR_PORT= 8000"
time="2020-09-11T00:05:10+07:00" level=info msg="SERVICE_USER_HOST= localhost"
time="2020-09-11T00:05:10+07:00" level=info msg="SERVICE_USER_PORT= 7000"
time="2020-09-11T00:05:10+07:00" level=info msg="Starting Login-Service server at port 9000"
time="2020-09-11T01:08:22+07:00" level=info msg="ENVIRONMENT VARIABLE"
time="2020-09-11T01:08:22+07:00" level=info msg="GRPC_SERVICE_LOGIN_HOST= tcp"
time="2020-09-11T01:08:22+07:00" level=info msg="GRPC_SERVICE_LOGIN_PORT= 9000"
time="2020-09-11T01:08:22+07:00" level=info msg="SERVICE_MONTIR_HOST= localhost"
time="2020-09-11T01:08:22+07:00" level=info msg="SERVICE_MONTIR_PORT= 8000"
time="2020-09-11T01:08:22+07:00" level=info msg="SERVICE_USER_HOST= localhost"
time="2020-09-11T01:08:22+07:00" level=info msg="SERVICE_USER_PORT= 7000"
time="2020-09-11T01:08:22+07:00" level=info msg="Starting Login-Service server at port 9000"
time="2020-09-11T02:43:00+07:00" level=info msg="ENVIRONMENT VARIABLE"
time="2020-09-11T02:43:00+07:00" level=info msg="GRPC_SERVICE_LOGIN_HOST= tcp"
time="2020-09-11T02:43:00+07:00" level=info msg="GRPC_SERVICE_LOGIN_PORT= 9000"
time="2020-09-11T02:43:00+07:00" level=info msg="SERVICE_MONTIR_HOST= localhost"
time="2020-09-11T02:43:00+07:00" level=info msg="SERVICE_MONTIR_PORT= 8000"
time="2020-09-11T02:43:00+07:00" level=info msg="SERVICE_USER_HOST= localhost"
time="2020-09-11T02:43:00+07:00" level=info msg="SERVICE_USER_PORT= 7000"
time="2020-09-11T02:43:00+07:00" level=info msg="Starting Login-Service server at port 9000"
time="2020-09-11T03:36:35+07:00" level=info msg="ENVIRONMENT VARIABLE"
time="2020-09-11T03:36:35+07:00" level=info msg="GRPC_SERVICE_LOGIN_HOST= tcp"
time="2020-09-11T03:36:35+07:00" level=info msg="GRPC_SERVICE_LOGIN_PORT= 9000"
time="2020-09-11T03:36:35+07:00" level=info msg="SERVICE_MONTIR_HOST= localhost"
time="2020-09-11T03:36:35+07:00" level=info msg="SERVICE_MONTIR_PORT= 8000"
time="2020-09-11T03:36:35+07:00" level=info msg="SERVICE_USER_HOST= localhost"
time="2020-09-11T03:36:35+07:00" level=info msg="SERVICE_USER_PORT= 7000"
time="2020-09-11T03:36:35+07:00" level=info msg="Starting Login-Service server at port 9000"
time="2020-09-11T03:36:35+07:00" level=fatal msg="could not listen to 9000: listen tcp :9000: bind: Only one usage of each socket address (protocol/network address/port) is normally permitted."
time="2020-09-11T03:47:23+07:00" level=info msg="ENVIRONMENT VARIABLE"
time="2020-09-11T03:47:23+07:00" level=info msg="GRPC_SERVICE_LOGIN_HOST= tcp"
time="2020-09-11T03:47:23+07:00" level=info msg="GRPC_SERVICE_LOGIN_PORT= 9000"
time="2020-09-11T03:47:23+07:00" level=info msg="SERVICE_MONTIR_HOST= localhost"
time="2020-09-11T03:47:23+07:00" level=info msg="SERVICE_MONTIR_PORT= 8000"
time="2020-09-11T03:47:23+07:00" level=info msg="SERVICE_USER_HOST= localhost"
time="2020-09-11T03:47:23+07:00" level=info msg="SERVICE_USER_PORT= 7000"
time="2020-09-11T03:47:23+07:00" level=info msg="Starting Login-Service server at port 9000"
time="2020-09-11T03:55:58+07:00" level=info msg="ENVIRONMENT VARIABLE"
time="2020-09-11T03:55:58+07:00" level=info msg="GRPC_SERVICE_LOGIN_HOST= tcp"
time="2020-09-11T03:55:58+07:00" level=info msg="GRPC_SERVICE_LOGIN_PORT= 9000"
time="2020-09-11T03:55:58+07:00" level=info msg="SERVICE_MONTIR_HOST= localhost"
time="2020-09-11T03:55:58+07:00" level=info msg="SERVICE_MONTIR_PORT= 8000"
time="2020-09-11T03:55:58+07:00" level=info msg="SERVICE_USER_HOST= localhost"
time="2020-09-11T03:55:58+07:00" level=info msg="SERVICE_USER_PORT= 7000"
time="2020-09-11T03:55:58+07:00" level=info msg="Starting Login-Service server at port 9000"
time="2020-09-11T03:55:58+07:00" level=fatal msg="could not listen to 9000: listen tcp :9000: bind: Only one usage of each socket address (protocol/network address/port) is normally permitted."
