time="2020-09-10T22:38:07+07:00" level=info msg="ENVIRONMENT VARIABLE"
time="2020-09-10T22:38:07+07:00" level=info msg="GRPC_SERVICE_TRANSACTION_HOST= tcp"
time="2020-09-10T22:38:07+07:00" level=info msg="GRPC_SERVICE_TRANSACTION_PORT= 6000"
time="2020-09-10T22:38:07+07:00" level=info msg="MYSQL_DB_DRIVER= mysql"
time="2020-09-10T22:38:07+07:00" level=info msg="MYSQL_DB_USER= root"
time="2020-09-10T22:38:07+07:00" level=info msg="MYSQL_DB_PASSWORD= admin"
time="2020-09-10T22:38:07+07:00" level=info msg="MYSQL_DB_NAME= tublessin_transaction"
time="2020-09-10T22:38:07+07:00" level=info msg="MYSQL_DB_HOST= localhost"
time="2020-09-10T22:38:07+07:00" level=info msg="MYSQL_DB_PORT= 3306"
time="2020-09-10T22:38:07+07:00" level=info msg="DataBase Successfully Connected"
time="2020-09-10T22:38:07+07:00" level=info msg="Starting Transaction-Service server at port 6000"
time="2020-09-10T22:43:51+07:00" level=info msg="ENVIRONMENT VARIABLE"
time="2020-09-10T22:43:51+07:00" level=info msg="GRPC_SERVICE_TRANSACTION_HOST= tcp"
time="2020-09-10T22:43:51+07:00" level=info msg="GRPC_SERVICE_TRANSACTION_PORT= 6000"
time="2020-09-10T22:43:51+07:00" level=info msg="MYSQL_DB_DRIVER= mysql"
time="2020-09-10T22:43:51+07:00" level=info msg="MYSQL_DB_USER= root"
time="2020-09-10T22:43:51+07:00" level=info msg="MYSQL_DB_PASSWORD= admin"
time="2020-09-10T22:43:51+07:00" level=info msg="MYSQL_DB_NAME= tublessin_transaction"
time="2020-09-10T22:43:51+07:00" level=info msg="MYSQL_DB_HOST= localhost"
time="2020-09-10T22:43:51+07:00" level=info msg="MYSQL_DB_PORT= 3306"
time="2020-09-10T22:43:51+07:00" level=info msg="DataBase Successfully Connected"
time="2020-09-10T22:43:51+07:00" level=info msg="Starting Transaction-Service server at port 6000"
time="2020-09-10T22:47:31+07:00" level=info msg="ENVIRONMENT VARIABLE"
time="2020-09-10T22:47:31+07:00" level=info msg="GRPC_SERVICE_TRANSACTION_HOST= tcp"
time="2020-09-10T22:47:31+07:00" level=info msg="GRPC_SERVICE_TRANSACTION_PORT= 6000"
time="2020-09-10T22:47:31+07:00" level=info msg="MYSQL_DB_DRIVER= mysql"
time="2020-09-10T22:47:31+07:00" level=info msg="MYSQL_DB_USER= root"
time="2020-09-10T22:47:31+07:00" level=info msg="MYSQL_DB_PASSWORD= admin"
time="2020-09-10T22:47:31+07:00" level=info msg="MYSQL_DB_NAME= tublessin_transaction"
time="2020-09-10T22:47:31+07:00" level=info msg="MYSQL_DB_HOST= localhost"
time="2020-09-10T22:47:31+07:00" level=info msg="MYSQL_DB_PORT= 3306"
time="2020-09-10T22:47:31+07:00" level=info msg="DataBase Successfully Connected"
time="2020-09-10T22:47:31+07:00" level=info msg="Starting Transaction-Service server at port 6000"
time="2020-09-10T22:49:10+07:00" level=info msg="ENVIRONMENT VARIABLE"
time="2020-09-10T22:49:10+07:00" level=info msg="GRPC_SERVICE_TRANSACTION_HOST= tcp"
time="2020-09-10T22:49:10+07:00" level=info msg="GRPC_SERVICE_TRANSACTION_PORT= 6000"
time="2020-09-10T22:49:10+07:00" level=info msg="MYSQL_DB_DRIVER= mysql"
time="2020-09-10T22:49:10+07:00" level=info msg="MYSQL_DB_USER= root"
time="2020-09-10T22:49:10+07:00" level=info msg="MYSQL_DB_PASSWORD= admin"
time="2020-09-10T22:49:10+07:00" level=info msg="MYSQL_DB_NAME= tublessin_transaction"
time="2020-09-10T22:49:10+07:00" level=info msg="MYSQL_DB_HOST= localhost"
time="2020-09-10T22:49:10+07:00" level=info msg="MYSQL_DB_PORT= 3306"
time="2020-09-10T22:49:10+07:00" level=info msg="DataBase Successfully Connected"
time="2020-09-10T22:49:10+07:00" level=info msg="Starting Transaction-Service server at port 6000"
time="2020-09-10T22:51:08+07:00" level=info msg="ENVIRONMENT VARIABLE"
time="2020-09-10T22:51:08+07:00" level=info msg="GRPC_SERVICE_TRANSACTION_HOST= tcp"
time="2020-09-10T22:51:08+07:00" level=info msg="GRPC_SERVICE_TRANSACTION_PORT= 6000"
time="2020-09-10T22:51:08+07:00" level=info msg="MYSQL_DB_DRIVER= mysql"
time="2020-09-10T22:51:08+07:00" level=info msg="MYSQL_DB_USER= root"
time="2020-09-10T22:51:08+07:00" level=info msg="MYSQL_DB_PASSWORD= admin"
time="2020-09-10T22:51:08+07:00" level=info msg="MYSQL_DB_NAME= tublessin_transaction"
time="2020-09-10T22:51:08+07:00" level=info msg="MYSQL_DB_HOST= localhost"
time="2020-09-10T22:51:08+07:00" level=info msg="MYSQL_DB_PORT= 3306"
time="2020-09-10T22:51:08+07:00" level=info msg="DataBase Successfully Connected"
time="2020-09-10T22:51:08+07:00" level=info msg="Starting Transaction-Service server at port 6000"
time="2020-09-10T22:53:32+07:00" level=info msg="ENVIRONMENT VARIABLE"
time="2020-09-10T22:53:32+07:00" level=info msg="GRPC_SERVICE_TRANSACTION_HOST= tcp"
time="2020-09-10T22:53:32+07:00" level=info msg="GRPC_SERVICE_TRANSACTION_PORT= 6000"
time="2020-09-10T22:53:32+07:00" level=info msg="MYSQL_DB_DRIVER= mysql"
time="2020-09-10T22:53:32+07:00" level=info msg="MYSQL_DB_USER= root"
time="2020-09-10T22:53:32+07:00" level=info msg="MYSQL_DB_PASSWORD= admin"
time="2020-09-10T22:53:32+07:00" level=info msg="MYSQL_DB_NAME= tublessin_transaction"
time="2020-09-10T22:53:32+07:00" level=info msg="MYSQL_DB_HOST= localhost"
time="2020-09-10T22:53:32+07:00" level=info msg="MYSQL_DB_PORT= 3306"
time="2020-09-10T22:53:32+07:00" level=info msg="DataBase Successfully Connected"
time="2020-09-10T22:53:32+07:00" level=info msg="Starting Transaction-Service server at port 6000"
time="2020-09-10T22:56:35+07:00" level=info msg="ENVIRONMENT VARIABLE"
time="2020-09-10T22:56:35+07:00" level=info msg="GRPC_SERVICE_TRANSACTION_HOST= tcp"
time="2020-09-10T22:56:35+07:00" level=info msg="GRPC_SERVICE_TRANSACTION_PORT= 6000"
time="2020-09-10T22:56:35+07:00" level=info msg="MYSQL_DB_DRIVER= mysql"
time="2020-09-10T22:56:35+07:00" level=info msg="MYSQL_DB_USER= root"
time="2020-09-10T22:56:35+07:00" level=info msg="MYSQL_DB_PASSWORD= admin"
time="2020-09-10T22:56:35+07:00" level=info msg="MYSQL_DB_NAME= tublessin_transaction"
time="2020-09-10T22:56:35+07:00" level=info msg="MYSQL_DB_HOST= localhost"
time="2020-09-10T22:56:35+07:00" level=info msg="MYSQL_DB_PORT= 3306"
time="2020-09-10T22:56:35+07:00" level=info msg="DataBase Successfully Connected"
time="2020-09-10T22:56:35+07:00" level=info msg="Starting Transaction-Service server at port 6000"
time="2020-09-10T23:43:42+07:00" level=info msg="ENVIRONMENT VARIABLE"
time="2020-09-10T23:43:42+07:00" level=info msg="GRPC_SERVICE_TRANSACTION_HOST= tcp"
time="2020-09-10T23:43:42+07:00" level=info msg="GRPC_SERVICE_TRANSACTION_PORT= 6000"
time="2020-09-10T23:43:42+07:00" level=info msg="MYSQL_DB_DRIVER= mysql"
time="2020-09-10T23:43:42+07:00" level=info msg="MYSQL_DB_USER= root"
time="2020-09-10T23:43:42+07:00" level=info msg="MYSQL_DB_PASSWORD= admin"
time="2020-09-10T23:43:42+07:00" level=info msg="MYSQL_DB_NAME= tublessin_transaction"
time="2020-09-10T23:43:42+07:00" level=info msg="MYSQL_DB_HOST= localhost"
time="2020-09-10T23:43:42+07:00" level=info msg="MYSQL_DB_PORT= 3306"
time="2020-09-10T23:43:42+07:00" level=info msg="DataBase Successfully Connected"
time="2020-09-10T23:43:42+07:00" level=info msg="Starting Transaction-Service server at port 6000"
time="2020-09-10T23:47:49+07:00" level=info msg="ENVIRONMENT VARIABLE"
time="2020-09-10T23:47:49+07:00" level=info msg="GRPC_SERVICE_TRANSACTION_HOST= tcp"
time="2020-09-10T23:47:49+07:00" level=info msg="GRPC_SERVICE_TRANSACTION_PORT= 6000"
time="2020-09-10T23:47:49+07:00" level=info msg="MYSQL_DB_DRIVER= mysql"
time="2020-09-10T23:47:49+07:00" level=info msg="MYSQL_DB_USER= root"
time="2020-09-10T23:47:49+07:00" level=info msg="MYSQL_DB_PASSWORD= admin"
time="2020-09-10T23:47:49+07:00" level=info msg="MYSQL_DB_NAME= tublessin_transaction"
time="2020-09-10T23:47:49+07:00" level=info msg="MYSQL_DB_HOST= localhost"
time="2020-09-10T23:47:49+07:00" level=info msg="MYSQL_DB_PORT= 3306"
time="2020-09-10T23:47:49+07:00" level=info msg="DataBase Successfully Connected"
time="2020-09-10T23:47:49+07:00" level=info msg="Starting Transaction-Service server at port 6000"
time="2020-09-10T23:49:11+07:00" level=info msg="ENVIRONMENT VARIABLE"
time="2020-09-10T23:49:11+07:00" level=info msg="GRPC_SERVICE_TRANSACTION_HOST= tcp"
time="2020-09-10T23:49:11+07:00" level=info msg="GRPC_SERVICE_TRANSACTION_PORT= 6000"
time="2020-09-10T23:49:11+07:00" level=info msg="MYSQL_DB_DRIVER= mysql"
time="2020-09-10T23:49:11+07:00" level=info msg="MYSQL_DB_USER= root"
time="2020-09-10T23:49:11+07:00" level=info msg="MYSQL_DB_PASSWORD= admin"
time="2020-09-10T23:49:11+07:00" level=info msg="MYSQL_DB_NAME= tublessin_transaction"
time="2020-09-10T23:49:11+07:00" level=info msg="MYSQL_DB_HOST= localhost"
time="2020-09-10T23:49:11+07:00" level=info msg="MYSQL_DB_PORT= 3306"
time="2020-09-10T23:49:11+07:00" level=info msg="DataBase Successfully Connected"
time="2020-09-10T23:49:11+07:00" level=info msg="Starting Transaction-Service server at port 6000"
time="2020-09-10T23:50:05+07:00" level=info msg="ENVIRONMENT VARIABLE"
time="2020-09-10T23:50:05+07:00" level=info msg="GRPC_SERVICE_TRANSACTION_HOST= tcp"
time="2020-09-10T23:50:05+07:00" level=info msg="GRPC_SERVICE_TRANSACTION_PORT= 6000"
time="2020-09-10T23:50:05+07:00" level=info msg="MYSQL_DB_DRIVER= mysql"
time="2020-09-10T23:50:05+07:00" level=info msg="MYSQL_DB_USER= root"
time="2020-09-10T23:50:05+07:00" level=info msg="MYSQL_DB_PASSWORD= admin"
time="2020-09-10T23:50:05+07:00" level=info msg="MYSQL_DB_NAME= tublessin_transaction"
time="2020-09-10T23:50:05+07:00" level=info msg="MYSQL_DB_HOST= localhost"
time="2020-09-10T23:50:05+07:00" level=info msg="MYSQL_DB_PORT= 3306"
time="2020-09-10T23:50:05+07:00" level=info msg="DataBase Successfully Connected"
time="2020-09-10T23:50:05+07:00" level=info msg="Starting Transaction-Service server at port 6000"
time="2020-09-10T23:50:49+07:00" level=info msg="ENVIRONMENT VARIABLE"
time="2020-09-10T23:50:49+07:00" level=info msg="GRPC_SERVICE_TRANSACTION_HOST= tcp"
time="2020-09-10T23:50:49+07:00" level=info msg="GRPC_SERVICE_TRANSACTION_PORT= 6000"
time="2020-09-10T23:50:49+07:00" level=info msg="MYSQL_DB_DRIVER= mysql"
time="2020-09-10T23:50:49+07:00" level=info msg="MYSQL_DB_USER= root"
time="2020-09-10T23:50:49+07:00" level=info msg="MYSQL_DB_PASSWORD= admin"
time="2020-09-10T23:50:49+07:00" level=info msg="MYSQL_DB_NAME= tublessin_transaction"
time="2020-09-10T23:50:49+07:00" level=info msg="MYSQL_DB_HOST= localhost"
time="2020-09-10T23:50:49+07:00" level=info msg="MYSQL_DB_PORT= 3306"
time="2020-09-10T23:50:49+07:00" level=info msg="DataBase Successfully Connected"
time="2020-09-10T23:50:49+07:00" level=info msg="Starting Transaction-Service server at port 6000"
time="2020-09-10T23:52:38+07:00" level=info msg="ENVIRONMENT VARIABLE"
time="2020-09-10T23:52:38+07:00" level=info msg="GRPC_SERVICE_TRANSACTION_HOST= tcp"
time="2020-09-10T23:52:38+07:00" level=info msg="GRPC_SERVICE_TRANSACTION_PORT= 6000"
time="2020-09-10T23:52:38+07:00" level=info msg="MYSQL_DB_DRIVER= mysql"
time="2020-09-10T23:52:38+07:00" level=info msg="MYSQL_DB_USER= root"
time="2020-09-10T23:52:38+07:00" level=info msg="MYSQL_DB_PASSWORD= admin"
time="2020-09-10T23:52:38+07:00" level=info msg="MYSQL_DB_NAME= tublessin_transaction"
time="2020-09-10T23:52:38+07:00" level=info msg="MYSQL_DB_HOST= localhost"
time="2020-09-10T23:52:38+07:00" level=info msg="MYSQL_DB_PORT= 3306"
time="2020-09-10T23:52:38+07:00" level=info msg="DataBase Successfully Connected"
time="2020-09-10T23:52:38+07:00" level=info msg="Starting Transaction-Service server at port 6000"
time="2020-09-10T23:56:24+07:00" level=info msg="ENVIRONMENT VARIABLE"
time="2020-09-10T23:56:24+07:00" level=info msg="GRPC_SERVICE_TRANSACTION_HOST= tcp"
time="2020-09-10T23:56:24+07:00" level=info msg="GRPC_SERVICE_TRANSACTION_PORT= 6000"
time="2020-09-10T23:56:24+07:00" level=info msg="MYSQL_DB_DRIVER= mysql"
time="2020-09-10T23:56:24+07:00" level=info msg="MYSQL_DB_USER= root"
time="2020-09-10T23:56:24+07:00" level=info msg="MYSQL_DB_PASSWORD= admin"
time="2020-09-10T23:56:24+07:00" level=info msg="MYSQL_DB_NAME= tublessin_transaction"
time="2020-09-10T23:56:24+07:00" level=info msg="MYSQL_DB_HOST= localhost"
time="2020-09-10T23:56:24+07:00" level=info msg="MYSQL_DB_PORT= 3306"
time="2020-09-10T23:56:24+07:00" level=info msg="DataBase Successfully Connected"
time="2020-09-10T23:56:24+07:00" level=info msg="Starting Transaction-Service server at port 6000"
time="2020-09-10T23:58:46+07:00" level=info msg="ENVIRONMENT VARIABLE"
time="2020-09-10T23:58:46+07:00" level=info msg="GRPC_SERVICE_TRANSACTION_HOST= tcp"
time="2020-09-10T23:58:46+07:00" level=info msg="GRPC_SERVICE_TRANSACTION_PORT= 6000"
time="2020-09-10T23:58:46+07:00" level=info msg="MYSQL_DB_DRIVER= mysql"
time="2020-09-10T23:58:46+07:00" level=info msg="MYSQL_DB_USER= root"
time="2020-09-10T23:58:46+07:00" level=info msg="MYSQL_DB_PASSWORD= admin"
time="2020-09-10T23:58:46+07:00" level=info msg="MYSQL_DB_NAME= tublessin_transaction"
time="2020-09-10T23:58:46+07:00" level=info msg="MYSQL_DB_HOST= localhost"
time="2020-09-10T23:58:46+07:00" level=info msg="MYSQL_DB_PORT= 3306"
time="2020-09-10T23:58:46+07:00" level=info msg="DataBase Successfully Connected"
time="2020-09-10T23:58:46+07:00" level=info msg="Starting Transaction-Service server at port 6000"
time="2020-09-11T00:01:22+07:00" level=info msg="ENVIRONMENT VARIABLE"
time="2020-09-11T00:01:22+07:00" level=info msg="GRPC_SERVICE_TRANSACTION_HOST= tcp"
time="2020-09-11T00:01:22+07:00" level=info msg="GRPC_SERVICE_TRANSACTION_PORT= 6000"
time="2020-09-11T00:01:22+07:00" level=info msg="MYSQL_DB_DRIVER= mysql"
time="2020-09-11T00:01:22+07:00" level=info msg="MYSQL_DB_USER= root"
time="2020-09-11T00:01:22+07:00" level=info msg="MYSQL_DB_PASSWORD= admin"
time="2020-09-11T00:01:22+07:00" level=info msg="MYSQL_DB_NAME= tublessin_transaction"
time="2020-09-11T00:01:22+07:00" level=info msg="MYSQL_DB_HOST= localhost"
time="2020-09-11T00:01:22+07:00" level=info msg="MYSQL_DB_PORT= 3306"
time="2020-09-11T00:01:22+07:00" level=info msg="DataBase Successfully Connected"
time="2020-09-11T00:01:22+07:00" level=info msg="Starting Transaction-Service server at port 6000"
time="2020-09-11T00:03:54+07:00" level=info msg="ENVIRONMENT VARIABLE"
time="2020-09-11T00:03:54+07:00" level=info msg="GRPC_SERVICE_TRANSACTION_HOST= tcp"
time="2020-09-11T00:03:54+07:00" level=info msg="GRPC_SERVICE_TRANSACTION_PORT= 6000"
time="2020-09-11T00:03:54+07:00" level=info msg="MYSQL_DB_DRIVER= mysql"
time="2020-09-11T00:03:54+07:00" level=info msg="MYSQL_DB_USER= root"
time="2020-09-11T00:03:54+07:00" level=info msg="MYSQL_DB_PASSWORD= admin"
time="2020-09-11T00:03:54+07:00" level=info msg="MYSQL_DB_NAME= tublessin_transaction"
time="2020-09-11T00:03:54+07:00" level=info msg="MYSQL_DB_HOST= localhost"
time="2020-09-11T00:03:54+07:00" level=info msg="MYSQL_DB_PORT= 3306"
time="2020-09-11T00:03:54+07:00" level=info msg="DataBase Successfully Connected"
time="2020-09-11T00:03:55+07:00" level=info msg="Starting Transaction-Service server at port 6000"
time="2020-09-11T00:05:22+07:00" level=info msg="ENVIRONMENT VARIABLE"
time="2020-09-11T00:05:22+07:00" level=info msg="GRPC_SERVICE_TRANSACTION_HOST= tcp"
time="2020-09-11T00:05:22+07:00" level=info msg="GRPC_SERVICE_TRANSACTION_PORT= 6000"
time="2020-09-11T00:05:22+07:00" level=info msg="MYSQL_DB_DRIVER= mysql"
time="2020-09-11T00:05:22+07:00" level=info msg="MYSQL_DB_USER= root"
time="2020-09-11T00:05:22+07:00" level=info msg="MYSQL_DB_PASSWORD= admin"
time="2020-09-11T00:05:22+07:00" level=info msg="MYSQL_DB_NAME= tublessin_transaction"
time="2020-09-11T00:05:22+07:00" level=info msg="MYSQL_DB_HOST= localhost"
time="2020-09-11T00:05:22+07:00" level=info msg="MYSQL_DB_PORT= 3306"
time="2020-09-11T00:05:22+07:00" level=info msg="DataBase Successfully Connected"
time="2020-09-11T00:05:22+07:00" level=info msg="Starting Transaction-Service server at port 6000"
time="2020-09-11T01:08:41+07:00" level=info msg="ENVIRONMENT VARIABLE"
time="2020-09-11T01:08:41+07:00" level=info msg="GRPC_SERVICE_TRANSACTION_HOST= tcp"
time="2020-09-11T01:08:41+07:00" level=info msg="GRPC_SERVICE_TRANSACTION_PORT= 6000"
time="2020-09-11T01:08:41+07:00" level=info msg="MYSQL_DB_DRIVER= mysql"
time="2020-09-11T01:08:41+07:00" level=info msg="MYSQL_DB_USER= root"
time="2020-09-11T01:08:41+07:00" level=info msg="MYSQL_DB_PASSWORD= admin"
time="2020-09-11T01:08:41+07:00" level=info msg="MYSQL_DB_NAME= tublessin_transaction"
time="2020-09-11T01:08:41+07:00" level=info msg="MYSQL_DB_HOST= localhost"
time="2020-09-11T01:08:41+07:00" level=info msg="MYSQL_DB_PORT= 3306"
time="2020-09-11T01:08:41+07:00" level=info msg="DataBase Successfully Connected"
time="2020-09-11T01:08:41+07:00" level=info msg="Starting Transaction-Service server at port 6000"
time="2020-09-11T02:43:16+07:00" level=info msg="ENVIRONMENT VARIABLE"
time="2020-09-11T02:43:16+07:00" level=info msg="GRPC_SERVICE_TRANSACTION_HOST= tcp"
time="2020-09-11T02:43:16+07:00" level=info msg="GRPC_SERVICE_TRANSACTION_PORT= 6000"
time="2020-09-11T02:43:16+07:00" level=info msg="MYSQL_DB_DRIVER= mysql"
time="2020-09-11T02:43:16+07:00" level=info msg="MYSQL_DB_USER= root"
time="2020-09-11T02:43:16+07:00" level=info msg="MYSQL_DB_PASSWORD= admin"
time="2020-09-11T02:43:16+07:00" level=info msg="MYSQL_DB_NAME= tublessin_transaction"
time="2020-09-11T02:43:16+07:00" level=info msg="MYSQL_DB_HOST= localhost"
time="2020-09-11T02:43:16+07:00" level=info msg="MYSQL_DB_PORT= 3306"
time="2020-09-11T02:43:16+07:00" level=info msg="DataBase Successfully Connected"
time="2020-09-11T02:43:16+07:00" level=info msg="Starting Transaction-Service server at port 6000"
time="2020-09-11T03:36:52+07:00" level=info msg="ENVIRONMENT VARIABLE"
time="2020-09-11T03:36:52+07:00" level=info msg="GRPC_SERVICE_TRANSACTION_HOST= tcp"
time="2020-09-11T03:36:52+07:00" level=info msg="GRPC_SERVICE_TRANSACTION_PORT= 6000"
time="2020-09-11T03:36:52+07:00" level=info msg="MYSQL_DB_DRIVER= mysql"
time="2020-09-11T03:36:52+07:00" level=info msg="MYSQL_DB_USER= root"
time="2020-09-11T03:36:52+07:00" level=info msg="MYSQL_DB_PASSWORD= admin"
time="2020-09-11T03:36:52+07:00" level=info msg="MYSQL_DB_NAME= tublessin_transaction"
time="2020-09-11T03:36:52+07:00" level=info msg="MYSQL_DB_HOST= localhost"
time="2020-09-11T03:36:52+07:00" level=info msg="MYSQL_DB_PORT= 3306"
time="2020-09-11T03:36:52+07:00" level=info msg="DataBase Successfully Connected"
time="2020-09-11T03:36:52+07:00" level=info msg="Starting Transaction-Service server at port 6000"
time="2020-09-11T03:36:52+07:00" level=fatal msg="could not listen to 6000: listen tcp :6000: bind: Only one usage of each socket address (protocol/network address/port) is normally permitted."
time="2020-09-11T03:47:36+07:00" level=info msg="ENVIRONMENT VARIABLE"
time="2020-09-11T03:47:36+07:00" level=info msg="GRPC_SERVICE_TRANSACTION_HOST= tcp"
time="2020-09-11T03:47:36+07:00" level=info msg="GRPC_SERVICE_TRANSACTION_PORT= 6000"
time="2020-09-11T03:47:36+07:00" level=info msg="MYSQL_DB_DRIVER= mysql"
time="2020-09-11T03:47:36+07:00" level=info msg="MYSQL_DB_USER= root"
time="2020-09-11T03:47:36+07:00" level=info msg="MYSQL_DB_PASSWORD= admin"
time="2020-09-11T03:47:36+07:00" level=info msg="MYSQL_DB_NAME= tublessin_transaction"
time="2020-09-11T03:47:36+07:00" level=info msg="MYSQL_DB_HOST= localhost"
time="2020-09-11T03:47:36+07:00" level=info msg="MYSQL_DB_PORT= 3306"
time="2020-09-11T03:47:36+07:00" level=info msg="DataBase Successfully Connected"
time="2020-09-11T03:47:36+07:00" level=info msg="Starting Transaction-Service server at port 6000"
time="2020-09-11T03:56:09+07:00" level=info msg="ENVIRONMENT VARIABLE"
time="2020-09-11T03:56:09+07:00" level=info msg="GRPC_SERVICE_TRANSACTION_HOST= tcp"
time="2020-09-11T03:56:09+07:00" level=info msg="GRPC_SERVICE_TRANSACTION_PORT= 6000"
time="2020-09-11T03:56:09+07:00" level=info msg="MYSQL_DB_DRIVER= mysql"
time="2020-09-11T03:56:09+07:00" level=info msg="MYSQL_DB_USER= root"
time="2020-09-11T03:56:09+07:00" level=info msg="MYSQL_DB_PASSWORD= admin"
time="2020-09-11T03:56:09+07:00" level=info msg="MYSQL_DB_NAME= tublessin_transaction"
time="2020-09-11T03:56:09+07:00" level=info msg="MYSQL_DB_HOST= localhost"
time="2020-09-11T03:56:09+07:00" level=info msg="MYSQL_DB_PORT= 3306"
time="2020-09-11T03:56:09+07:00" level=info msg="DataBase Successfully Connected"
time="2020-09-11T03:56:09+07:00" level=info msg="Starting Transaction-Service server at port 6000"
time="2020-09-11T03:56:09+07:00" level=fatal msg="could not listen to 6000: listen tcp :6000: bind: Only one usage of each socket address (protocol/network address/port) is normally permitted."
