time="2020-09-10T22:37:50+07:00" level=info msg="ENVIRONMENT VARIABLE"
time="2020-09-10T22:37:50+07:00" level=info msg="GRPC_SERVICE_MONTIR_HOST= tcp"
time="2020-09-10T22:37:50+07:00" level=info msg="GRPC_SERVICE_MONTIR_PORT= 8000"
time="2020-09-10T22:37:50+07:00" level=info msg="MYSQL_DB_DRIVER= mysql"
time="2020-09-10T22:37:50+07:00" level=info msg="MYSQL_DB_USER= root"
time="2020-09-10T22:37:50+07:00" level=info msg="MYSQL_DB_PASSWORD= admin"
time="2020-09-10T22:37:50+07:00" level=info msg="MYSQL_DB_NAME= tublessin_montir"
time="2020-09-10T22:37:50+07:00" level=info msg="MYSQL_DB_HOST= localhost"
time="2020-09-10T22:37:50+07:00" level=info msg="MYSQL_DB_PORT= 3306"
time="2020-09-10T22:37:50+07:00" level=info msg="DataBase Successfully Connected"
time="2020-09-10T22:37:50+07:00" level=info msg="Starting Montir-Service server at port 8000"
time="2020-09-10T22:43:39+07:00" level=info msg="ENVIRONMENT VARIABLE"
time="2020-09-10T22:43:39+07:00" level=info msg="GRPC_SERVICE_MONTIR_HOST= tcp"
time="2020-09-10T22:43:39+07:00" level=info msg="GRPC_SERVICE_MONTIR_PORT= 8000"
time="2020-09-10T22:43:39+07:00" level=info msg="MYSQL_DB_DRIVER= mysql"
time="2020-09-10T22:43:39+07:00" level=info msg="MYSQL_DB_USER= root"
time="2020-09-10T22:43:39+07:00" level=info msg="MYSQL_DB_PASSWORD= admin"
time="2020-09-10T22:43:39+07:00" level=info msg="MYSQL_DB_NAME= tublessin_montir"
time="2020-09-10T22:43:39+07:00" level=info msg="MYSQL_DB_HOST= localhost"
time="2020-09-10T22:43:39+07:00" level=info msg="MYSQL_DB_PORT= 3306"
time="2020-09-10T22:43:39+07:00" level=info msg="DataBase Successfully Connected"
time="2020-09-10T22:43:39+07:00" level=info msg="Starting Montir-Service server at port 8000"
time="2020-09-10T22:44:00+07:00" level=info msg="Error 1062: Duplicate entry 'cicakas' for key 'montir_account.username_UNIQUE'"
time="2020-09-10T22:47:20+07:00" level=info msg="ENVIRONMENT VARIABLE"
time="2020-09-10T22:47:20+07:00" level=info msg="GRPC_SERVICE_MONTIR_HOST= tcp"
time="2020-09-10T22:47:20+07:00" level=info msg="GRPC_SERVICE_MONTIR_PORT= 8000"
time="2020-09-10T22:47:20+07:00" level=info msg="MYSQL_DB_DRIVER= mysql"
time="2020-09-10T22:47:20+07:00" level=info msg="MYSQL_DB_USER= root"
time="2020-09-10T22:47:20+07:00" level=info msg="MYSQL_DB_PASSWORD= admin"
time="2020-09-10T22:47:20+07:00" level=info msg="MYSQL_DB_NAME= tublessin_montir"
time="2020-09-10T22:47:20+07:00" level=info msg="MYSQL_DB_HOST= localhost"
time="2020-09-10T22:47:20+07:00" level=info msg="MYSQL_DB_PORT= 3306"
time="2020-09-10T22:47:21+07:00" level=info msg="DataBase Successfully Connected"
time="2020-09-10T22:47:21+07:00" level=info msg="Starting Montir-Service server at port 8000"
time="2020-09-10T22:48:59+07:00" level=info msg="ENVIRONMENT VARIABLE"
time="2020-09-10T22:48:59+07:00" level=info msg="GRPC_SERVICE_MONTIR_HOST= tcp"
time="2020-09-10T22:48:59+07:00" level=info msg="GRPC_SERVICE_MONTIR_PORT= 8000"
time="2020-09-10T22:48:59+07:00" level=info msg="MYSQL_DB_DRIVER= mysql"
time="2020-09-10T22:48:59+07:00" level=info msg="MYSQL_DB_USER= root"
time="2020-09-10T22:48:59+07:00" level=info msg="MYSQL_DB_PASSWORD= admin"
time="2020-09-10T22:48:59+07:00" level=info msg="MYSQL_DB_NAME= tublessin_montir"
time="2020-09-10T22:48:59+07:00" level=info msg="MYSQL_DB_HOST= localhost"
time="2020-09-10T22:48:59+07:00" level=info msg="MYSQL_DB_PORT= 3306"
time="2020-09-10T22:48:59+07:00" level=info msg="DataBase Successfully Connected"
time="2020-09-10T22:48:59+07:00" level=info msg="Starting Montir-Service server at port 8000"
time="2020-09-10T22:50:57+07:00" level=info msg="ENVIRONMENT VARIABLE"
time="2020-09-10T22:50:57+07:00" level=info msg="GRPC_SERVICE_MONTIR_HOST= tcp"
time="2020-09-10T22:50:57+07:00" level=info msg="GRPC_SERVICE_MONTIR_PORT= 8000"
time="2020-09-10T22:50:57+07:00" level=info msg="MYSQL_DB_DRIVER= mysql"
time="2020-09-10T22:50:57+07:00" level=info msg="MYSQL_DB_USER= root"
time="2020-09-10T22:50:57+07:00" level=info msg="MYSQL_DB_PASSWORD= admin"
time="2020-09-10T22:50:57+07:00" level=info msg="MYSQL_DB_NAME= tublessin_montir"
time="2020-09-10T22:50:57+07:00" level=info msg="MYSQL_DB_HOST= localhost"
time="2020-09-10T22:50:57+07:00" level=info msg="MYSQL_DB_PORT= 3306"
time="2020-09-10T22:50:57+07:00" level=info msg="DataBase Successfully Connected"
time="2020-09-10T22:50:57+07:00" level=info msg="Starting Montir-Service server at port 8000"
time="2020-09-10T22:53:19+07:00" level=info msg="ENVIRONMENT VARIABLE"
time="2020-09-10T22:53:19+07:00" level=info msg="GRPC_SERVICE_MONTIR_HOST= tcp"
time="2020-09-10T22:53:19+07:00" level=info msg="GRPC_SERVICE_MONTIR_PORT= 8000"
time="2020-09-10T22:53:19+07:00" level=info msg="MYSQL_DB_DRIVER= mysql"
time="2020-09-10T22:53:19+07:00" level=info msg="MYSQL_DB_USER= root"
time="2020-09-10T22:53:19+07:00" level=info msg="MYSQL_DB_PASSWORD= admin"
time="2020-09-10T22:53:19+07:00" level=info msg="MYSQL_DB_NAME= tublessin_montir"
time="2020-09-10T22:53:19+07:00" level=info msg="MYSQL_DB_HOST= localhost"
time="2020-09-10T22:53:19+07:00" level=info msg="MYSQL_DB_PORT= 3306"
time="2020-09-10T22:53:19+07:00" level=info msg="DataBase Successfully Connected"
time="2020-09-10T22:53:19+07:00" level=info msg="Starting Montir-Service server at port 8000"
time="2020-09-10T22:56:25+07:00" level=info msg="ENVIRONMENT VARIABLE"
time="2020-09-10T22:56:25+07:00" level=info msg="GRPC_SERVICE_MONTIR_HOST= tcp"
time="2020-09-10T22:56:25+07:00" level=info msg="GRPC_SERVICE_MONTIR_PORT= 8000"
time="2020-09-10T22:56:25+07:00" level=info msg="MYSQL_DB_DRIVER= mysql"
time="2020-09-10T22:56:25+07:00" level=info msg="MYSQL_DB_USER= root"
time="2020-09-10T22:56:25+07:00" level=info msg="MYSQL_DB_PASSWORD= admin"
time="2020-09-10T22:56:25+07:00" level=info msg="MYSQL_DB_NAME= tublessin_montir"
time="2020-09-10T22:56:25+07:00" level=info msg="MYSQL_DB_HOST= localhost"
time="2020-09-10T22:56:25+07:00" level=info msg="MYSQL_DB_PORT= 3306"
time="2020-09-10T22:56:25+07:00" level=info msg="DataBase Successfully Connected"
time="2020-09-10T22:56:25+07:00" level=info msg="Starting Montir-Service server at port 8000"
time="2020-09-10T23:31:57+07:00" level=info msg="Error 1062: Duplicate entry 'cicakas' for key 'montir_account.username_UNIQUE'"
time="2020-09-10T23:33:39+07:00" level=info msg="Error 1062: Duplicate entry 'cicakas' for key 'montir_account.username_UNIQUE'"
time="2020-09-10T23:43:36+07:00" level=info msg="ENVIRONMENT VARIABLE"
time="2020-09-10T23:43:36+07:00" level=info msg="GRPC_SERVICE_MONTIR_HOST= tcp"
time="2020-09-10T23:43:36+07:00" level=info msg="GRPC_SERVICE_MONTIR_PORT= 8000"
time="2020-09-10T23:43:36+07:00" level=info msg="MYSQL_DB_DRIVER= mysql"
time="2020-09-10T23:43:36+07:00" level=info msg="MYSQL_DB_USER= root"
time="2020-09-10T23:43:36+07:00" level=info msg="MYSQL_DB_PASSWORD= admin"
time="2020-09-10T23:43:36+07:00" level=info msg="MYSQL_DB_NAME= tublessin_montir"
time="2020-09-10T23:43:36+07:00" level=info msg="MYSQL_DB_HOST= localhost"
time="2020-09-10T23:43:36+07:00" level=info msg="MYSQL_DB_PORT= 3306"
time="2020-09-10T23:43:36+07:00" level=info msg="DataBase Successfully Connected"
time="2020-09-10T23:43:36+07:00" level=info msg="Starting Montir-Service server at port 8000"
time="2020-09-10T23:47:40+07:00" level=info msg="ENVIRONMENT VARIABLE"
time="2020-09-10T23:47:40+07:00" level=info msg="GRPC_SERVICE_MONTIR_HOST= tcp"
time="2020-09-10T23:47:40+07:00" level=info msg="GRPC_SERVICE_MONTIR_PORT= 8000"
time="2020-09-10T23:47:40+07:00" level=info msg="MYSQL_DB_DRIVER= mysql"
time="2020-09-10T23:47:40+07:00" level=info msg="MYSQL_DB_USER= root"
time="2020-09-10T23:47:41+07:00" level=info msg="MYSQL_DB_PASSWORD= admin"
time="2020-09-10T23:47:41+07:00" level=info msg="MYSQL_DB_NAME= tublessin_montir"
time="2020-09-10T23:47:41+07:00" level=info msg="MYSQL_DB_HOST= localhost"
time="2020-09-10T23:47:41+07:00" level=info msg="MYSQL_DB_PORT= 3306"
time="2020-09-10T23:47:41+07:00" level=info msg="DataBase Successfully Connected"
time="2020-09-10T23:47:41+07:00" level=info msg="Starting Montir-Service server at port 8000"
time="2020-09-10T23:49:04+07:00" level=info msg="ENVIRONMENT VARIABLE"
time="2020-09-10T23:49:04+07:00" level=info msg="GRPC_SERVICE_MONTIR_HOST= tcp"
time="2020-09-10T23:49:04+07:00" level=info msg="GRPC_SERVICE_MONTIR_PORT= 8000"
time="2020-09-10T23:49:04+07:00" level=info msg="MYSQL_DB_DRIVER= mysql"
time="2020-09-10T23:49:04+07:00" level=info msg="MYSQL_DB_USER= root"
time="2020-09-10T23:49:04+07:00" level=info msg="MYSQL_DB_PASSWORD= admin"
time="2020-09-10T23:49:04+07:00" level=info msg="MYSQL_DB_NAME= tublessin_montir"
time="2020-09-10T23:49:04+07:00" level=info msg="MYSQL_DB_HOST= localhost"
time="2020-09-10T23:49:04+07:00" level=info msg="MYSQL_DB_PORT= 3306"
time="2020-09-10T23:49:04+07:00" level=info msg="DataBase Successfully Connected"
time="2020-09-10T23:49:04+07:00" level=info msg="Starting Montir-Service server at port 8000"
time="2020-09-10T23:49:59+07:00" level=info msg="ENVIRONMENT VARIABLE"
time="2020-09-10T23:49:59+07:00" level=info msg="GRPC_SERVICE_MONTIR_HOST= tcp"
time="2020-09-10T23:49:59+07:00" level=info msg="GRPC_SERVICE_MONTIR_PORT= 8000"
time="2020-09-10T23:49:59+07:00" level=info msg="MYSQL_DB_DRIVER= mysql"
time="2020-09-10T23:49:59+07:00" level=info msg="MYSQL_DB_USER= root"
time="2020-09-10T23:49:59+07:00" level=info msg="MYSQL_DB_PASSWORD= admin"
time="2020-09-10T23:49:59+07:00" level=info msg="MYSQL_DB_NAME= tublessin_montir"
time="2020-09-10T23:49:59+07:00" level=info msg="MYSQL_DB_HOST= localhost"
time="2020-09-10T23:49:59+07:00" level=info msg="MYSQL_DB_PORT= 3306"
time="2020-09-10T23:49:59+07:00" level=info msg="DataBase Successfully Connected"
time="2020-09-10T23:49:59+07:00" level=info msg="Starting Montir-Service server at port 8000"
time="2020-09-10T23:50:43+07:00" level=info msg="ENVIRONMENT VARIABLE"
time="2020-09-10T23:50:43+07:00" level=info msg="GRPC_SERVICE_MONTIR_HOST= tcp"
time="2020-09-10T23:50:43+07:00" level=info msg="GRPC_SERVICE_MONTIR_PORT= 8000"
time="2020-09-10T23:50:43+07:00" level=info msg="MYSQL_DB_DRIVER= mysql"
time="2020-09-10T23:50:43+07:00" level=info msg="MYSQL_DB_USER= root"
time="2020-09-10T23:50:43+07:00" level=info msg="MYSQL_DB_PASSWORD= admin"
time="2020-09-10T23:50:43+07:00" level=info msg="MYSQL_DB_NAME= tublessin_montir"
time="2020-09-10T23:50:43+07:00" level=info msg="MYSQL_DB_HOST= localhost"
time="2020-09-10T23:50:43+07:00" level=info msg="MYSQL_DB_PORT= 3306"
time="2020-09-10T23:50:43+07:00" level=info msg="DataBase Successfully Connected"
time="2020-09-10T23:50:43+07:00" level=info msg="Starting Montir-Service server at port 8000"
time="2020-09-10T23:52:31+07:00" level=info msg="ENVIRONMENT VARIABLE"
time="2020-09-10T23:52:31+07:00" level=info msg="GRPC_SERVICE_MONTIR_HOST= tcp"
time="2020-09-10T23:52:31+07:00" level=info msg="GRPC_SERVICE_MONTIR_PORT= 8000"
time="2020-09-10T23:52:31+07:00" level=info msg="MYSQL_DB_DRIVER= mysql"
time="2020-09-10T23:52:31+07:00" level=info msg="MYSQL_DB_USER= root"
time="2020-09-10T23:52:31+07:00" level=info msg="MYSQL_DB_PASSWORD= admin"
time="2020-09-10T23:52:31+07:00" level=info msg="MYSQL_DB_NAME= tublessin_montir"
time="2020-09-10T23:52:31+07:00" level=info msg="MYSQL_DB_HOST= localhost"
time="2020-09-10T23:52:31+07:00" level=info msg="MYSQL_DB_PORT= 3306"
time="2020-09-10T23:52:31+07:00" level=info msg="DataBase Successfully Connected"
time="2020-09-10T23:52:31+07:00" level=info msg="Starting Montir-Service server at port 8000"
time="2020-09-10T23:56:17+07:00" level=info msg="ENVIRONMENT VARIABLE"
time="2020-09-10T23:56:17+07:00" level=info msg="GRPC_SERVICE_MONTIR_HOST= tcp"
time="2020-09-10T23:56:17+07:00" level=info msg="GRPC_SERVICE_MONTIR_PORT= 8000"
time="2020-09-10T23:56:17+07:00" level=info msg="MYSQL_DB_DRIVER= mysql"
time="2020-09-10T23:56:17+07:00" level=info msg="MYSQL_DB_USER= root"
time="2020-09-10T23:56:17+07:00" level=info msg="MYSQL_DB_PASSWORD= admin"
time="2020-09-10T23:56:17+07:00" level=info msg="MYSQL_DB_NAME= tublessin_montir"
time="2020-09-10T23:56:17+07:00" level=info msg="MYSQL_DB_HOST= localhost"
time="2020-09-10T23:56:17+07:00" level=info msg="MYSQL_DB_PORT= 3306"
time="2020-09-10T23:56:17+07:00" level=info msg="DataBase Successfully Connected"
time="2020-09-10T23:56:17+07:00" level=info msg="Starting Montir-Service server at port 8000"
time="2020-09-10T23:58:39+07:00" level=info msg="ENVIRONMENT VARIABLE"
time="2020-09-10T23:58:39+07:00" level=info msg="GRPC_SERVICE_MONTIR_HOST= tcp"
time="2020-09-10T23:58:39+07:00" level=info msg="GRPC_SERVICE_MONTIR_PORT= 8000"
time="2020-09-10T23:58:39+07:00" level=info msg="MYSQL_DB_DRIVER= mysql"
time="2020-09-10T23:58:39+07:00" level=info msg="MYSQL_DB_USER= root"
time="2020-09-10T23:58:39+07:00" level=info msg="MYSQL_DB_PASSWORD= admin"
time="2020-09-10T23:58:39+07:00" level=info msg="MYSQL_DB_NAME= tublessin_montir"
time="2020-09-10T23:58:39+07:00" level=info msg="MYSQL_DB_HOST= localhost"
time="2020-09-10T23:58:39+07:00" level=info msg="MYSQL_DB_PORT= 3306"
time="2020-09-10T23:58:39+07:00" level=info msg="DataBase Successfully Connected"
time="2020-09-10T23:58:39+07:00" level=info msg="Starting Montir-Service server at port 8000"
time="2020-09-11T00:01:14+07:00" level=info msg="ENVIRONMENT VARIABLE"
time="2020-09-11T00:01:14+07:00" level=info msg="GRPC_SERVICE_MONTIR_HOST= tcp"
time="2020-09-11T00:01:14+07:00" level=info msg="GRPC_SERVICE_MONTIR_PORT= 8000"
time="2020-09-11T00:01:14+07:00" level=info msg="MYSQL_DB_DRIVER= mysql"
time="2020-09-11T00:01:14+07:00" level=info msg="MYSQL_DB_USER= root"
time="2020-09-11T00:01:14+07:00" level=info msg="MYSQL_DB_PASSWORD= admin"
time="2020-09-11T00:01:14+07:00" level=info msg="MYSQL_DB_NAME= tublessin_montir"
time="2020-09-11T00:01:14+07:00" level=info msg="MYSQL_DB_HOST= localhost"
time="2020-09-11T00:01:14+07:00" level=info msg="MYSQL_DB_PORT= 3306"
time="2020-09-11T00:01:15+07:00" level=info msg="DataBase Successfully Connected"
time="2020-09-11T00:01:15+07:00" level=info msg="Starting Montir-Service server at port 8000"
time="2020-09-11T00:02:24+07:00" level=info msg="Error 1064: You have an error in your SQL syntax; check the manual that corresponds to your MySQL server version for the right syntax to use near '/ LIMIT 0,5' at line 1"
time="2020-09-11T00:03:48+07:00" level=info msg="ENVIRONMENT VARIABLE"
time="2020-09-11T00:03:48+07:00" level=info msg="GRPC_SERVICE_MONTIR_HOST= tcp"
time="2020-09-11T00:03:48+07:00" level=info msg="GRPC_SERVICE_MONTIR_PORT= 8000"
time="2020-09-11T00:03:48+07:00" level=info msg="MYSQL_DB_DRIVER= mysql"
time="2020-09-11T00:03:48+07:00" level=info msg="MYSQL_DB_USER= root"
time="2020-09-11T00:03:48+07:00" level=info msg="MYSQL_DB_PASSWORD= admin"
time="2020-09-11T00:03:48+07:00" level=info msg="MYSQL_DB_NAME= tublessin_montir"
time="2020-09-11T00:03:48+07:00" level=info msg="MYSQL_DB_HOST= localhost"
time="2020-09-11T00:03:48+07:00" level=info msg="MYSQL_DB_PORT= 3306"
time="2020-09-11T00:03:48+07:00" level=info msg="DataBase Successfully Connected"
time="2020-09-11T00:03:48+07:00" level=info msg="Starting Montir-Service server at port 8000"
time="2020-09-11T00:05:13+07:00" level=info msg="ENVIRONMENT VARIABLE"
time="2020-09-11T00:05:13+07:00" level=info msg="GRPC_SERVICE_MONTIR_HOST= tcp"
time="2020-09-11T00:05:13+07:00" level=info msg="GRPC_SERVICE_MONTIR_PORT= 8000"
time="2020-09-11T00:05:13+07:00" level=info msg="MYSQL_DB_DRIVER= mysql"
time="2020-09-11T00:05:13+07:00" level=info msg="MYSQL_DB_USER= root"
time="2020-09-11T00:05:13+07:00" level=info msg="MYSQL_DB_PASSWORD= admin"
time="2020-09-11T00:05:13+07:00" level=info msg="MYSQL_DB_NAME= tublessin_montir"
time="2020-09-11T00:05:13+07:00" level=info msg="MYSQL_DB_HOST= localhost"
time="2020-09-11T00:05:13+07:00" level=info msg="MYSQL_DB_PORT= 3306"
time="2020-09-11T00:05:13+07:00" level=info msg="DataBase Successfully Connected"
time="2020-09-11T00:05:13+07:00" level=info msg="Starting Montir-Service server at port 8000"
time="2020-09-11T01:08:28+07:00" level=info msg="ENVIRONMENT VARIABLE"
time="2020-09-11T01:08:28+07:00" level=info msg="GRPC_SERVICE_MONTIR_HOST= tcp"
time="2020-09-11T01:08:28+07:00" level=info msg="GRPC_SERVICE_MONTIR_PORT= 8000"
time="2020-09-11T01:08:28+07:00" level=info msg="MYSQL_DB_DRIVER= mysql"
time="2020-09-11T01:08:28+07:00" level=info msg="MYSQL_DB_USER= root"
time="2020-09-11T01:08:28+07:00" level=info msg="MYSQL_DB_PASSWORD= admin"
time="2020-09-11T01:08:28+07:00" level=info msg="MYSQL_DB_NAME= tublessin_montir"
time="2020-09-11T01:08:28+07:00" level=info msg="MYSQL_DB_HOST= localhost"
time="2020-09-11T01:08:28+07:00" level=info msg="MYSQL_DB_PORT= 3306"
time="2020-09-11T01:08:29+07:00" level=info msg="DataBase Successfully Connected"
time="2020-09-11T01:08:29+07:00" level=info msg="Starting Montir-Service server at port 8000"
time="2020-09-11T02:43:06+07:00" level=info msg="ENVIRONMENT VARIABLE"
time="2020-09-11T02:43:06+07:00" level=info msg="GRPC_SERVICE_MONTIR_HOST= tcp"
time="2020-09-11T02:43:06+07:00" level=info msg="GRPC_SERVICE_MONTIR_PORT= 8000"
time="2020-09-11T02:43:06+07:00" level=info msg="MYSQL_DB_DRIVER= mysql"
time="2020-09-11T02:43:06+07:00" level=info msg="MYSQL_DB_USER= root"
time="2020-09-11T02:43:06+07:00" level=info msg="MYSQL_DB_PASSWORD= admin"
time="2020-09-11T02:43:06+07:00" level=info msg="MYSQL_DB_NAME= tublessin_montir"
time="2020-09-11T02:43:06+07:00" level=info msg="MYSQL_DB_HOST= localhost"
time="2020-09-11T02:43:06+07:00" level=info msg="MYSQL_DB_PORT= 3306"
time="2020-09-11T02:43:06+07:00" level=info msg="DataBase Successfully Connected"
time="2020-09-11T02:43:06+07:00" level=info msg="Starting Montir-Service server at port 8000"
time="2020-09-11T03:36:40+07:00" level=info msg="ENVIRONMENT VARIABLE"
time="2020-09-11T03:36:40+07:00" level=info msg="GRPC_SERVICE_MONTIR_HOST= tcp"
time="2020-09-11T03:36:40+07:00" level=info msg="GRPC_SERVICE_MONTIR_PORT= 8000"
time="2020-09-11T03:36:40+07:00" level=info msg="MYSQL_DB_DRIVER= mysql"
time="2020-09-11T03:36:40+07:00" level=info msg="MYSQL_DB_USER= root"
time="2020-09-11T03:36:40+07:00" level=info msg="MYSQL_DB_PASSWORD= admin"
time="2020-09-11T03:36:40+07:00" level=info msg="MYSQL_DB_NAME= tublessin_montir"
time="2020-09-11T03:36:40+07:00" level=info msg="MYSQL_DB_HOST= localhost"
time="2020-09-11T03:36:40+07:00" level=info msg="MYSQL_DB_PORT= 3306"
time="2020-09-11T03:36:40+07:00" level=info msg="DataBase Successfully Connected"
time="2020-09-11T03:36:40+07:00" level=info msg="Starting Montir-Service server at port 8000"
time="2020-09-11T03:36:40+07:00" level=fatal msg="could not listen to 8000: listen tcp :8000: bind: Only one usage of each socket address (protocol/network address/port) is normally permitted."
time="2020-09-11T03:47:28+07:00" level=info msg="ENVIRONMENT VARIABLE"
time="2020-09-11T03:47:28+07:00" level=info msg="GRPC_SERVICE_MONTIR_HOST= tcp"
time="2020-09-11T03:47:28+07:00" level=info msg="GRPC_SERVICE_MONTIR_PORT= 8000"
time="2020-09-11T03:47:28+07:00" level=info msg="MYSQL_DB_DRIVER= mysql"
time="2020-09-11T03:47:28+07:00" level=info msg="MYSQL_DB_USER= root"
time="2020-09-11T03:47:28+07:00" level=info msg="MYSQL_DB_PASSWORD= admin"
time="2020-09-11T03:47:28+07:00" level=info msg="MYSQL_DB_NAME= tublessin_montir"
time="2020-09-11T03:47:28+07:00" level=info msg="MYSQL_DB_HOST= localhost"
time="2020-09-11T03:47:28+07:00" level=info msg="MYSQL_DB_PORT= 3306"
time="2020-09-11T03:47:28+07:00" level=info msg="DataBase Successfully Connected"
time="2020-09-11T03:47:28+07:00" level=info msg="Starting Montir-Service server at port 8000"
time="2020-09-11T03:56:03+07:00" level=info msg="ENVIRONMENT VARIABLE"
time="2020-09-11T03:56:03+07:00" level=info msg="GRPC_SERVICE_MONTIR_HOST= tcp"
time="2020-09-11T03:56:03+07:00" level=info msg="GRPC_SERVICE_MONTIR_PORT= 8000"
time="2020-09-11T03:56:03+07:00" level=info msg="MYSQL_DB_DRIVER= mysql"
time="2020-09-11T03:56:03+07:00" level=info msg="MYSQL_DB_USER= root"
time="2020-09-11T03:56:03+07:00" level=info msg="MYSQL_DB_PASSWORD= admin"
time="2020-09-11T03:56:03+07:00" level=info msg="MYSQL_DB_NAME= tublessin_montir"
time="2020-09-11T03:56:03+07:00" level=info msg="MYSQL_DB_HOST= localhost"
time="2020-09-11T03:56:03+07:00" level=info msg="MYSQL_DB_PORT= 3306"
time="2020-09-11T03:56:03+07:00" level=info msg="DataBase Successfully Connected"
time="2020-09-11T03:56:03+07:00" level=info msg="Starting Montir-Service server at port 8000"
time="2020-09-11T03:56:03+07:00" level=fatal msg="could not listen to 8000: listen tcp :8000: bind: Only one usage of each socket address (protocol/network address/port) is normally permitted."
