time="2020-09-10T22:27:26+07:00" level=info msg="ENVIRONMENT VARIABLE"
time="2020-09-10T22:27:26+07:00" level=info msg="API_GATEWAY_SERVER_HOST= localhost"
time="2020-09-10T22:27:26+07:00" level=info msg="API_GATEWAY_SERVER_PORT= 8080"
time="2020-09-10T22:27:26+07:00" level=info msg="SERVICE_LOGIN_HOST= localhost"
time="2020-09-10T22:27:26+07:00" level=info msg="SERVICE_LOGIN_PORT= 9000"
time="2020-09-10T22:27:26+07:00" level=info msg="SERVICE_TRANSACTION_HOST= localhost"
time="2020-09-10T22:27:26+07:00" level=info msg="SERVICE_TRANSACTION_PORT= 6000"
time="2020-09-10T22:27:26+07:00" level=info msg="SERVICE_MONTIR_HOST= localhost"
time="2020-09-10T22:27:26+07:00" level=info msg="SERVICE_MONTIR_PORT= 8000"
time="2020-09-10T22:27:26+07:00" level=info msg="SERVICE_USER_HOST= localhost"
time="2020-09-10T22:27:26+07:00" level=info msg="SERVICE_USER_PORT= 7000"
time="2020-09-10T22:27:26+07:00" level=info msg="Server Start at http://localhost:8080"
time="2020-09-10T22:28:14+07:00" level=info msg="ENVIRONMENT VARIABLE"
time="2020-09-10T22:28:14+07:00" level=info msg="API_GATEWAY_SERVER_HOST= localhost"
time="2020-09-10T22:28:14+07:00" level=info msg="API_GATEWAY_SERVER_PORT= 8080"
time="2020-09-10T22:28:14+07:00" level=info msg="SERVICE_LOGIN_HOST= localhost"
time="2020-09-10T22:28:14+07:00" level=info msg="SERVICE_LOGIN_PORT= 9000"
time="2020-09-10T22:28:14+07:00" level=info msg="SERVICE_TRANSACTION_HOST= localhost"
time="2020-09-10T22:28:14+07:00" level=info msg="SERVICE_TRANSACTION_PORT= 6000"
time="2020-09-10T22:28:14+07:00" level=info msg="SERVICE_MONTIR_HOST= localhost"
time="2020-09-10T22:28:14+07:00" level=info msg="SERVICE_MONTIR_PORT= 8000"
time="2020-09-10T22:28:14+07:00" level=info msg="SERVICE_USER_HOST= localhost"
time="2020-09-10T22:28:14+07:00" level=info msg="SERVICE_USER_PORT= 7000"
time="2020-09-10T22:28:14+07:00" level=info msg="Server Start at http://localhost:8080"
time="2020-09-10T22:28:41+07:00" level=info msg="LOGIN -> vio"
time="2020-09-10T22:31:08+07:00" level=info msg="ENVIRONMENT VARIABLE"
time="2020-09-10T22:31:08+07:00" level=info msg="API_GATEWAY_SERVER_HOST= localhost"
time="2020-09-10T22:31:08+07:00" level=info msg="API_GATEWAY_SERVER_PORT= 8080"
time="2020-09-10T22:31:08+07:00" level=info msg="SERVICE_LOGIN_HOST= localhost"
time="2020-09-10T22:31:08+07:00" level=info msg="SERVICE_LOGIN_PORT= 9000"
time="2020-09-10T22:31:08+07:00" level=info msg="SERVICE_TRANSACTION_HOST= localhost"
time="2020-09-10T22:31:08+07:00" level=info msg="SERVICE_TRANSACTION_PORT= 6000"
time="2020-09-10T22:31:08+07:00" level=info msg="SERVICE_MONTIR_HOST= localhost"
time="2020-09-10T22:31:08+07:00" level=info msg="SERVICE_MONTIR_PORT= 8000"
time="2020-09-10T22:31:08+07:00" level=info msg="SERVICE_USER_HOST= localhost"
time="2020-09-10T22:31:08+07:00" level=info msg="SERVICE_USER_PORT= 7000"
time="2020-09-10T22:31:08+07:00" level=info msg="Server Start at http://localhost:8080"
time="2020-09-10T22:37:37+07:00" level=info msg="ENVIRONMENT VARIABLE"
time="2020-09-10T22:37:37+07:00" level=info msg="API_GATEWAY_SERVER_HOST= localhost"
time="2020-09-10T22:37:37+07:00" level=info msg="API_GATEWAY_SERVER_PORT= 8080"
time="2020-09-10T22:37:37+07:00" level=info msg="SERVICE_LOGIN_HOST= localhost"
time="2020-09-10T22:37:37+07:00" level=info msg="SERVICE_LOGIN_PORT= 9000"
time="2020-09-10T22:37:37+07:00" level=info msg="SERVICE_TRANSACTION_HOST= localhost"
time="2020-09-10T22:37:37+07:00" level=info msg="SERVICE_TRANSACTION_PORT= 6000"
time="2020-09-10T22:37:37+07:00" level=info msg="SERVICE_MONTIR_HOST= localhost"
time="2020-09-10T22:37:37+07:00" level=info msg="SERVICE_MONTIR_PORT= 8000"
time="2020-09-10T22:37:37+07:00" level=info msg="SERVICE_USER_HOST= localhost"
time="2020-09-10T22:37:37+07:00" level=info msg="SERVICE_USER_PORT= 7000"
time="2020-09-10T22:37:37+07:00" level=info msg="Server Start at http://localhost:8080"
time="2020-09-10T22:43:30+07:00" level=info msg="ENVIRONMENT VARIABLE"
time="2020-09-10T22:43:30+07:00" level=info msg="API_GATEWAY_SERVER_HOST= localhost"
time="2020-09-10T22:43:30+07:00" level=info msg="API_GATEWAY_SERVER_PORT= 8080"
time="2020-09-10T22:43:30+07:00" level=info msg="SERVICE_LOGIN_HOST= localhost"
time="2020-09-10T22:43:30+07:00" level=info msg="SERVICE_LOGIN_PORT= 9000"
time="2020-09-10T22:43:30+07:00" level=info msg="SERVICE_TRANSACTION_HOST= localhost"
time="2020-09-10T22:43:30+07:00" level=info msg="SERVICE_TRANSACTION_PORT= 6000"
time="2020-09-10T22:43:30+07:00" level=info msg="SERVICE_MONTIR_HOST= localhost"
time="2020-09-10T22:43:30+07:00" level=info msg="SERVICE_MONTIR_PORT= 8000"
time="2020-09-10T22:43:30+07:00" level=info msg="SERVICE_USER_HOST= localhost"
time="2020-09-10T22:43:30+07:00" level=info msg="SERVICE_USER_PORT= 7000"
time="2020-09-10T22:43:30+07:00" level=info msg="Server Start at http://localhost:8080"
time="2020-09-10T22:44:00+07:00" level=info msg="rpc error: code = Unknown desc = Error 1062: Duplicate entry 'cicakas' for key 'montir_account.username_UNIQUE'"
time="2020-09-10T22:44:31+07:00" level=info msg="rpc error: code = Unknown desc = Error 1062: Duplicate entry 'sapi' for key 'user_account.username_UNIQUE'"
time="2020-09-10T22:45:41+07:00" level=info msg="rpc error: code = Unknown desc = Error 1062: Duplicate entry 'sapi' for key 'user_account.username_UNIQUE'"
time="2020-09-10T22:45:48+07:00" level=info msg="rpc error: code = Unknown desc = Error 1062: Duplicate entry 'sapi' for key 'user_account.username_UNIQUE'"
time="2020-09-10T22:47:09+07:00" level=info msg="ENVIRONMENT VARIABLE"
time="2020-09-10T22:47:09+07:00" level=info msg="API_GATEWAY_SERVER_HOST= localhost"
time="2020-09-10T22:47:09+07:00" level=info msg="API_GATEWAY_SERVER_PORT= 8080"
time="2020-09-10T22:47:09+07:00" level=info msg="SERVICE_LOGIN_HOST= localhost"
time="2020-09-10T22:47:09+07:00" level=info msg="SERVICE_LOGIN_PORT= 9000"
time="2020-09-10T22:47:09+07:00" level=info msg="SERVICE_TRANSACTION_HOST= localhost"
time="2020-09-10T22:47:09+07:00" level=info msg="SERVICE_TRANSACTION_PORT= 6000"
time="2020-09-10T22:47:09+07:00" level=info msg="SERVICE_MONTIR_HOST= localhost"
time="2020-09-10T22:47:09+07:00" level=info msg="SERVICE_MONTIR_PORT= 8000"
time="2020-09-10T22:47:09+07:00" level=info msg="SERVICE_USER_HOST= localhost"
time="2020-09-10T22:47:09+07:00" level=info msg="SERVICE_USER_PORT= 7000"
time="2020-09-10T22:47:09+07:00" level=info msg="Server Start at http://localhost:8080"
time="2020-09-10T22:47:40+07:00" level=info msg="rpc error: code = Unknown desc = Error 1062: Duplicate entry 'sapi' for key 'user_account.username_UNIQUE'"
time="2020-09-10T22:48:51+07:00" level=info msg="ENVIRONMENT VARIABLE"
time="2020-09-10T22:48:51+07:00" level=info msg="API_GATEWAY_SERVER_HOST= localhost"
time="2020-09-10T22:48:51+07:00" level=info msg="API_GATEWAY_SERVER_PORT= 8080"
time="2020-09-10T22:48:51+07:00" level=info msg="SERVICE_LOGIN_HOST= localhost"
time="2020-09-10T22:48:51+07:00" level=info msg="SERVICE_LOGIN_PORT= 9000"
time="2020-09-10T22:48:51+07:00" level=info msg="SERVICE_TRANSACTION_HOST= localhost"
time="2020-09-10T22:48:51+07:00" level=info msg="SERVICE_TRANSACTION_PORT= 6000"
time="2020-09-10T22:48:51+07:00" level=info msg="SERVICE_MONTIR_HOST= localhost"
time="2020-09-10T22:48:51+07:00" level=info msg="SERVICE_MONTIR_PORT= 8000"
time="2020-09-10T22:48:51+07:00" level=info msg="SERVICE_USER_HOST= localhost"
time="2020-09-10T22:48:51+07:00" level=info msg="SERVICE_USER_PORT= 7000"
time="2020-09-10T22:48:51+07:00" level=info msg="Server Start at http://localhost:8080"
time="2020-09-10T22:49:19+07:00" level=info msg="rpc error: code = Unknown desc = Error 1062: Duplicate entry 'sapi' for key 'user_account.username_UNIQUE'"
time="2020-09-10T22:49:27+07:00" level=info msg="rpc error: code = Unknown desc = Error 1062: Duplicate entry 'sapi' for key 'user_account.username_UNIQUE'"
time="2020-09-10T22:49:33+07:00" level=info msg="rpc error: code = Unknown desc = Error 1062: Duplicate entry 'sapi' for key 'user_account.username_UNIQUE'"
time="2020-09-10T22:50:45+07:00" level=info msg="ENVIRONMENT VARIABLE"
time="2020-09-10T22:50:45+07:00" level=info msg="API_GATEWAY_SERVER_HOST= localhost"
time="2020-09-10T22:50:45+07:00" level=info msg="API_GATEWAY_SERVER_PORT= 8080"
time="2020-09-10T22:50:45+07:00" level=info msg="SERVICE_LOGIN_HOST= localhost"
time="2020-09-10T22:50:45+07:00" level=info msg="SERVICE_LOGIN_PORT= 9000"
time="2020-09-10T22:50:45+07:00" level=info msg="SERVICE_TRANSACTION_HOST= localhost"
time="2020-09-10T22:50:45+07:00" level=info msg="SERVICE_TRANSACTION_PORT= 6000"
time="2020-09-10T22:50:45+07:00" level=info msg="SERVICE_MONTIR_HOST= localhost"
time="2020-09-10T22:50:45+07:00" level=info msg="SERVICE_MONTIR_PORT= 8000"
time="2020-09-10T22:50:45+07:00" level=info msg="SERVICE_USER_HOST= localhost"
time="2020-09-10T22:50:45+07:00" level=info msg="SERVICE_USER_PORT= 7000"
time="2020-09-10T22:50:45+07:00" level=info msg="Server Start at http://localhost:8080"
time="2020-09-10T22:51:34+07:00" level=info msg="rpc error: code = Unknown desc = Error 1062: Duplicate entry 'sapi' for key 'user_account.username_UNIQUE'"
time="2020-09-10T22:51:59+07:00" level=info msg="rpc error: code = Unknown desc = Error 1062: Duplicate entry 'sapi' for key 'user_account.username_UNIQUE'"
time="2020-09-10T22:53:05+07:00" level=info msg="ENVIRONMENT VARIABLE"
time="2020-09-10T22:53:05+07:00" level=info msg="API_GATEWAY_SERVER_HOST= localhost"
time="2020-09-10T22:53:05+07:00" level=info msg="API_GATEWAY_SERVER_PORT= 8080"
time="2020-09-10T22:53:05+07:00" level=info msg="SERVICE_LOGIN_HOST= localhost"
time="2020-09-10T22:53:05+07:00" level=info msg="SERVICE_LOGIN_PORT= 9000"
time="2020-09-10T22:53:05+07:00" level=info msg="SERVICE_TRANSACTION_HOST= localhost"
time="2020-09-10T22:53:05+07:00" level=info msg="SERVICE_TRANSACTION_PORT= 6000"
time="2020-09-10T22:53:05+07:00" level=info msg="SERVICE_MONTIR_HOST= localhost"
time="2020-09-10T22:53:05+07:00" level=info msg="SERVICE_MONTIR_PORT= 8000"
time="2020-09-10T22:53:05+07:00" level=info msg="SERVICE_USER_HOST= localhost"
time="2020-09-10T22:53:05+07:00" level=info msg="SERVICE_USER_PORT= 7000"
time="2020-09-10T22:53:05+07:00" level=info msg="Server Start at http://localhost:8080"
time="2020-09-10T22:56:15+07:00" level=info msg="ENVIRONMENT VARIABLE"
time="2020-09-10T22:56:15+07:00" level=info msg="API_GATEWAY_SERVER_HOST= localhost"
time="2020-09-10T22:56:15+07:00" level=info msg="API_GATEWAY_SERVER_PORT= 8080"
time="2020-09-10T22:56:15+07:00" level=info msg="SERVICE_LOGIN_HOST= localhost"
time="2020-09-10T22:56:15+07:00" level=info msg="SERVICE_LOGIN_PORT= 9000"
time="2020-09-10T22:56:15+07:00" level=info msg="SERVICE_TRANSACTION_HOST= localhost"
time="2020-09-10T22:56:15+07:00" level=info msg="SERVICE_TRANSACTION_PORT= 6000"
time="2020-09-10T22:56:15+07:00" level=info msg="SERVICE_MONTIR_HOST= localhost"
time="2020-09-10T22:56:15+07:00" level=info msg="SERVICE_MONTIR_PORT= 8000"
time="2020-09-10T22:56:15+07:00" level=info msg="SERVICE_USER_HOST= localhost"
time="2020-09-10T22:56:15+07:00" level=info msg="SERVICE_USER_PORT= 7000"
time="2020-09-10T22:56:15+07:00" level=info msg="Server Start at http://localhost:8080"
time="2020-09-10T23:31:57+07:00" level=info msg="rpc error: code = Unknown desc = Error 1062: Duplicate entry 'cicakas' for key 'montir_account.username_UNIQUE'"
time="2020-09-10T23:33:39+07:00" level=info msg="rpc error: code = Unknown desc = Error 1062: Duplicate entry 'cicakas' for key 'montir_account.username_UNIQUE'"
time="2020-09-10T23:43:28+07:00" level=info msg="ENVIRONMENT VARIABLE"
time="2020-09-10T23:43:28+07:00" level=info msg="API_GATEWAY_SERVER_HOST= localhost"
time="2020-09-10T23:43:28+07:00" level=info msg="API_GATEWAY_SERVER_PORT= 8080"
time="2020-09-10T23:43:28+07:00" level=info msg="SERVICE_LOGIN_HOST= localhost"
time="2020-09-10T23:43:28+07:00" level=info msg="SERVICE_LOGIN_PORT= 9000"
time="2020-09-10T23:43:28+07:00" level=info msg="SERVICE_TRANSACTION_HOST= localhost"
time="2020-09-10T23:43:28+07:00" level=info msg="SERVICE_TRANSACTION_PORT= 6000"
time="2020-09-10T23:43:28+07:00" level=info msg="SERVICE_MONTIR_HOST= localhost"
time="2020-09-10T23:43:28+07:00" level=info msg="SERVICE_MONTIR_PORT= 8000"
time="2020-09-10T23:43:28+07:00" level=info msg="SERVICE_USER_HOST= localhost"
time="2020-09-10T23:43:28+07:00" level=info msg="SERVICE_USER_PORT= 7000"
time="2020-09-10T23:43:28+07:00" level=info msg="Server Start at http://localhost:8080"
time="2020-09-10T23:47:32+07:00" level=info msg="ENVIRONMENT VARIABLE"
time="2020-09-10T23:47:32+07:00" level=info msg="API_GATEWAY_SERVER_HOST= localhost"
time="2020-09-10T23:47:32+07:00" level=info msg="API_GATEWAY_SERVER_PORT= 8080"
time="2020-09-10T23:47:32+07:00" level=info msg="SERVICE_LOGIN_HOST= localhost"
time="2020-09-10T23:47:32+07:00" level=info msg="SERVICE_LOGIN_PORT= 9000"
time="2020-09-10T23:47:32+07:00" level=info msg="SERVICE_TRANSACTION_HOST= localhost"
time="2020-09-10T23:47:32+07:00" level=info msg="SERVICE_TRANSACTION_PORT= 6000"
time="2020-09-10T23:47:32+07:00" level=info msg="SERVICE_MONTIR_HOST= localhost"
time="2020-09-10T23:47:32+07:00" level=info msg="SERVICE_MONTIR_PORT= 8000"
time="2020-09-10T23:47:32+07:00" level=info msg="SERVICE_USER_HOST= localhost"
time="2020-09-10T23:47:32+07:00" level=info msg="SERVICE_USER_PORT= 7000"
time="2020-09-10T23:47:32+07:00" level=info msg="Server Start at http://localhost:8080"
time="2020-09-10T23:48:54+07:00" level=info msg="ENVIRONMENT VARIABLE"
time="2020-09-10T23:48:54+07:00" level=info msg="API_GATEWAY_SERVER_HOST= localhost"
time="2020-09-10T23:48:54+07:00" level=info msg="API_GATEWAY_SERVER_PORT= 8080"
time="2020-09-10T23:48:54+07:00" level=info msg="SERVICE_LOGIN_HOST= localhost"
time="2020-09-10T23:48:54+07:00" level=info msg="SERVICE_LOGIN_PORT= 9000"
time="2020-09-10T23:48:54+07:00" level=info msg="SERVICE_TRANSACTION_HOST= localhost"
time="2020-09-10T23:48:54+07:00" level=info msg="SERVICE_TRANSACTION_PORT= 6000"
time="2020-09-10T23:48:54+07:00" level=info msg="SERVICE_MONTIR_HOST= localhost"
time="2020-09-10T23:48:54+07:00" level=info msg="SERVICE_MONTIR_PORT= 8000"
time="2020-09-10T23:48:54+07:00" level=info msg="SERVICE_USER_HOST= localhost"
time="2020-09-10T23:48:54+07:00" level=info msg="SERVICE_USER_PORT= 7000"
time="2020-09-10T23:48:54+07:00" level=info msg="Server Start at http://localhost:8080"
time="2020-09-10T23:49:51+07:00" level=info msg="ENVIRONMENT VARIABLE"
time="2020-09-10T23:49:51+07:00" level=info msg="API_GATEWAY_SERVER_HOST= localhost"
time="2020-09-10T23:49:51+07:00" level=info msg="API_GATEWAY_SERVER_PORT= 8080"
time="2020-09-10T23:49:51+07:00" level=info msg="SERVICE_LOGIN_HOST= localhost"
time="2020-09-10T23:49:51+07:00" level=info msg="SERVICE_LOGIN_PORT= 9000"
time="2020-09-10T23:49:51+07:00" level=info msg="SERVICE_TRANSACTION_HOST= localhost"
time="2020-09-10T23:49:51+07:00" level=info msg="SERVICE_TRANSACTION_PORT= 6000"
time="2020-09-10T23:49:51+07:00" level=info msg="SERVICE_MONTIR_HOST= localhost"
time="2020-09-10T23:49:51+07:00" level=info msg="SERVICE_MONTIR_PORT= 8000"
time="2020-09-10T23:49:51+07:00" level=info msg="SERVICE_USER_HOST= localhost"
time="2020-09-10T23:49:51+07:00" level=info msg="SERVICE_USER_PORT= 7000"
time="2020-09-10T23:49:51+07:00" level=info msg="Server Start at http://localhost:8080"
time="2020-09-10T23:50:36+07:00" level=info msg="ENVIRONMENT VARIABLE"
time="2020-09-10T23:50:36+07:00" level=info msg="API_GATEWAY_SERVER_HOST= localhost"
time="2020-09-10T23:50:36+07:00" level=info msg="API_GATEWAY_SERVER_PORT= 8080"
time="2020-09-10T23:50:36+07:00" level=info msg="SERVICE_LOGIN_HOST= localhost"
time="2020-09-10T23:50:36+07:00" level=info msg="SERVICE_LOGIN_PORT= 9000"
time="2020-09-10T23:50:36+07:00" level=info msg="SERVICE_TRANSACTION_HOST= localhost"
time="2020-09-10T23:50:36+07:00" level=info msg="SERVICE_TRANSACTION_PORT= 6000"
time="2020-09-10T23:50:36+07:00" level=info msg="SERVICE_MONTIR_HOST= localhost"
time="2020-09-10T23:50:36+07:00" level=info msg="SERVICE_MONTIR_PORT= 8000"
time="2020-09-10T23:50:36+07:00" level=info msg="SERVICE_USER_HOST= localhost"
time="2020-09-10T23:50:36+07:00" level=info msg="SERVICE_USER_PORT= 7000"
time="2020-09-10T23:50:36+07:00" level=info msg="Server Start at http://localhost:8080"
time="2020-09-10T23:52:23+07:00" level=info msg="ENVIRONMENT VARIABLE"
time="2020-09-10T23:52:23+07:00" level=info msg="API_GATEWAY_SERVER_HOST= localhost"
time="2020-09-10T23:52:23+07:00" level=info msg="API_GATEWAY_SERVER_PORT= 8080"
time="2020-09-10T23:52:23+07:00" level=info msg="SERVICE_LOGIN_HOST= localhost"
time="2020-09-10T23:52:23+07:00" level=info msg="SERVICE_LOGIN_PORT= 9000"
time="2020-09-10T23:52:23+07:00" level=info msg="SERVICE_TRANSACTION_HOST= localhost"
time="2020-09-10T23:52:23+07:00" level=info msg="SERVICE_TRANSACTION_PORT= 6000"
time="2020-09-10T23:52:23+07:00" level=info msg="SERVICE_MONTIR_HOST= localhost"
time="2020-09-10T23:52:23+07:00" level=info msg="SERVICE_MONTIR_PORT= 8000"
time="2020-09-10T23:52:23+07:00" level=info msg="SERVICE_USER_HOST= localhost"
time="2020-09-10T23:52:23+07:00" level=info msg="SERVICE_USER_PORT= 7000"
time="2020-09-10T23:52:23+07:00" level=info msg="Server Start at http://localhost:8080"
time="2020-09-10T23:56:09+07:00" level=info msg="ENVIRONMENT VARIABLE"
time="2020-09-10T23:56:09+07:00" level=info msg="API_GATEWAY_SERVER_HOST= localhost"
time="2020-09-10T23:56:09+07:00" level=info msg="API_GATEWAY_SERVER_PORT= 8080"
time="2020-09-10T23:56:09+07:00" level=info msg="SERVICE_LOGIN_HOST= localhost"
time="2020-09-10T23:56:09+07:00" level=info msg="SERVICE_LOGIN_PORT= 9000"
time="2020-09-10T23:56:09+07:00" level=info msg="SERVICE_TRANSACTION_HOST= localhost"
time="2020-09-10T23:56:09+07:00" level=info msg="SERVICE_TRANSACTION_PORT= 6000"
time="2020-09-10T23:56:09+07:00" level=info msg="SERVICE_MONTIR_HOST= localhost"
time="2020-09-10T23:56:09+07:00" level=info msg="SERVICE_MONTIR_PORT= 8000"
time="2020-09-10T23:56:09+07:00" level=info msg="SERVICE_USER_HOST= localhost"
time="2020-09-10T23:56:09+07:00" level=info msg="SERVICE_USER_PORT= 7000"
time="2020-09-10T23:56:09+07:00" level=info msg="Server Start at http://localhost:8080"
time="2020-09-10T23:58:32+07:00" level=info msg="ENVIRONMENT VARIABLE"
time="2020-09-10T23:58:32+07:00" level=info msg="API_GATEWAY_SERVER_HOST= localhost"
time="2020-09-10T23:58:32+07:00" level=info msg="API_GATEWAY_SERVER_PORT= 8080"
time="2020-09-10T23:58:32+07:00" level=info msg="SERVICE_LOGIN_HOST= localhost"
time="2020-09-10T23:58:32+07:00" level=info msg="SERVICE_LOGIN_PORT= 9000"
time="2020-09-10T23:58:32+07:00" level=info msg="SERVICE_TRANSACTION_HOST= localhost"
time="2020-09-10T23:58:32+07:00" level=info msg="SERVICE_TRANSACTION_PORT= 6000"
time="2020-09-10T23:58:32+07:00" level=info msg="SERVICE_MONTIR_HOST= localhost"
time="2020-09-10T23:58:32+07:00" level=info msg="SERVICE_MONTIR_PORT= 8000"
time="2020-09-10T23:58:32+07:00" level=info msg="SERVICE_USER_HOST= localhost"
time="2020-09-10T23:58:32+07:00" level=info msg="SERVICE_USER_PORT= 7000"
time="2020-09-10T23:58:32+07:00" level=info msg="Server Start at http://localhost:8080"
time="2020-09-11T00:00:31+07:00" level=info msg="LOGIN -> reizdendy"
time="2020-09-11T00:00:31+07:00" level=info msg="rpc error: code = Unknown desc = sql: no rows in result set"
time="2020-09-11T00:01:06+07:00" level=info msg="ENVIRONMENT VARIABLE"
time="2020-09-11T00:01:06+07:00" level=info msg="API_GATEWAY_SERVER_HOST= localhost"
time="2020-09-11T00:01:06+07:00" level=info msg="API_GATEWAY_SERVER_PORT= 8080"
time="2020-09-11T00:01:06+07:00" level=info msg="SERVICE_LOGIN_HOST= localhost"
time="2020-09-11T00:01:06+07:00" level=info msg="SERVICE_LOGIN_PORT= 9000"
time="2020-09-11T00:01:06+07:00" level=info msg="SERVICE_TRANSACTION_HOST= localhost"
time="2020-09-11T00:01:06+07:00" level=info msg="SERVICE_TRANSACTION_PORT= 6000"
time="2020-09-11T00:01:06+07:00" level=info msg="SERVICE_MONTIR_HOST= localhost"
time="2020-09-11T00:01:06+07:00" level=info msg="SERVICE_MONTIR_PORT= 8000"
time="2020-09-11T00:01:06+07:00" level=info msg="SERVICE_USER_HOST= localhost"
time="2020-09-11T00:01:06+07:00" level=info msg="SERVICE_USER_PORT= 7000"
time="2020-09-11T00:01:06+07:00" level=info msg="Server Start at http://localhost:8080"
time="2020-09-11T00:01:32+07:00" level=info msg="LOGIN -> reizdendy"
time="2020-09-11T00:01:32+07:00" level=info msg="rpc error: code = Unknown desc = sql: no rows in result set"
time="2020-09-11T00:01:39+07:00" level=info msg="LOGIN -> vio"
time="2020-09-11T00:01:46+07:00" level=info msg="LOGIN -> vio"
time="2020-09-11T00:02:04+07:00" level=info msg="strconv.ParseFloat: parsing \"106.841987/\": invalid syntax"
time="2020-09-11T00:02:24+07:00" level=info msg="rpc error: code = Unknown desc = Error 1064: You have an error in your SQL syntax; check the manual that corresponds to your MySQL server version for the right syntax to use near '/ LIMIT 0,5' at line 1"
time="2020-09-11T00:03:40+07:00" level=info msg="ENVIRONMENT VARIABLE"
time="2020-09-11T00:03:40+07:00" level=info msg="API_GATEWAY_SERVER_HOST= localhost"
time="2020-09-11T00:03:40+07:00" level=info msg="API_GATEWAY_SERVER_PORT= 8080"
time="2020-09-11T00:03:40+07:00" level=info msg="SERVICE_LOGIN_HOST= localhost"
time="2020-09-11T00:03:40+07:00" level=info msg="SERVICE_LOGIN_PORT= 9000"
time="2020-09-11T00:03:40+07:00" level=info msg="SERVICE_TRANSACTION_HOST= localhost"
time="2020-09-11T00:03:40+07:00" level=info msg="SERVICE_TRANSACTION_PORT= 6000"
time="2020-09-11T00:03:40+07:00" level=info msg="SERVICE_MONTIR_HOST= localhost"
time="2020-09-11T00:03:40+07:00" level=info msg="SERVICE_MONTIR_PORT= 8000"
time="2020-09-11T00:03:40+07:00" level=info msg="SERVICE_USER_HOST= localhost"
time="2020-09-11T00:03:40+07:00" level=info msg="SERVICE_USER_PORT= 7000"
time="2020-09-11T00:03:40+07:00" level=info msg="Server Start at http://localhost:8080"
time="2020-09-11T00:05:06+07:00" level=info msg="ENVIRONMENT VARIABLE"
time="2020-09-11T00:05:06+07:00" level=info msg="API_GATEWAY_SERVER_HOST= localhost"
time="2020-09-11T00:05:06+07:00" level=info msg="API_GATEWAY_SERVER_PORT= 8080"
time="2020-09-11T00:05:06+07:00" level=info msg="SERVICE_LOGIN_HOST= localhost"
time="2020-09-11T00:05:06+07:00" level=info msg="SERVICE_LOGIN_PORT= 9000"
time="2020-09-11T00:05:06+07:00" level=info msg="SERVICE_TRANSACTION_HOST= localhost"
time="2020-09-11T00:05:06+07:00" level=info msg="SERVICE_TRANSACTION_PORT= 6000"
time="2020-09-11T00:05:06+07:00" level=info msg="SERVICE_MONTIR_HOST= localhost"
time="2020-09-11T00:05:06+07:00" level=info msg="SERVICE_MONTIR_PORT= 8000"
time="2020-09-11T00:05:06+07:00" level=info msg="SERVICE_USER_HOST= localhost"
time="2020-09-11T00:05:06+07:00" level=info msg="SERVICE_USER_PORT= 7000"
time="2020-09-11T00:05:06+07:00" level=info msg="Server Start at http://localhost:8080"
time="2020-09-11T01:08:15+07:00" level=info msg="ENVIRONMENT VARIABLE"
time="2020-09-11T01:08:15+07:00" level=info msg="API_GATEWAY_SERVER_HOST= localhost"
time="2020-09-11T01:08:15+07:00" level=info msg="API_GATEWAY_SERVER_PORT= 8080"
time="2020-09-11T01:08:15+07:00" level=info msg="SERVICE_LOGIN_HOST= localhost"
time="2020-09-11T01:08:15+07:00" level=info msg="SERVICE_LOGIN_PORT= 9000"
time="2020-09-11T01:08:15+07:00" level=info msg="SERVICE_TRANSACTION_HOST= localhost"
time="2020-09-11T01:08:15+07:00" level=info msg="SERVICE_TRANSACTION_PORT= 6000"
time="2020-09-11T01:08:15+07:00" level=info msg="SERVICE_MONTIR_HOST= localhost"
time="2020-09-11T01:08:15+07:00" level=info msg="SERVICE_MONTIR_PORT= 8000"
time="2020-09-11T01:08:15+07:00" level=info msg="SERVICE_USER_HOST= localhost"
time="2020-09-11T01:08:15+07:00" level=info msg="SERVICE_USER_PORT= 7000"
time="2020-09-11T01:08:15+07:00" level=info msg="Server Start at http://localhost:8080"
time="2020-09-11T02:42:54+07:00" level=info msg="ENVIRONMENT VARIABLE"
time="2020-09-11T02:42:54+07:00" level=info msg="API_GATEWAY_SERVER_HOST= localhost"
time="2020-09-11T02:42:54+07:00" level=info msg="API_GATEWAY_SERVER_PORT= 8080"
time="2020-09-11T02:42:54+07:00" level=info msg="SERVICE_LOGIN_HOST= localhost"
time="2020-09-11T02:42:54+07:00" level=info msg="SERVICE_LOGIN_PORT= 9000"
time="2020-09-11T02:42:54+07:00" level=info msg="SERVICE_TRANSACTION_HOST= localhost"
time="2020-09-11T02:42:54+07:00" level=info msg="SERVICE_TRANSACTION_PORT= 6000"
time="2020-09-11T02:42:54+07:00" level=info msg="SERVICE_MONTIR_HOST= localhost"
time="2020-09-11T02:42:54+07:00" level=info msg="SERVICE_MONTIR_PORT= 8000"
time="2020-09-11T02:42:54+07:00" level=info msg="SERVICE_USER_HOST= localhost"
time="2020-09-11T02:42:54+07:00" level=info msg="SERVICE_USER_PORT= 7000"
time="2020-09-11T02:42:54+07:00" level=info msg="Server Start at http://localhost:8080"
time="2020-09-11T02:44:35+07:00" level=info msg="LOGIN -> reizdendy"
time="2020-09-11T02:48:36+07:00" level=info msg="ENVIRONMENT VARIABLE"
time="2020-09-11T02:48:36+07:00" level=info msg="API_GATEWAY_SERVER_HOST= "
time="2020-09-11T02:48:36+07:00" level=info msg="API_GATEWAY_SERVER_PORT= "
time="2020-09-11T02:48:36+07:00" level=info msg="SERVICE_LOGIN_HOST= "
time="2020-09-11T02:48:36+07:00" level=info msg="SERVICE_LOGIN_PORT= "
time="2020-09-11T02:48:36+07:00" level=info msg="SERVICE_TRANSACTION_HOST= "
time="2020-09-11T02:48:36+07:00" level=info msg="SERVICE_TRANSACTION_PORT= "
time="2020-09-11T02:48:36+07:00" level=info msg="SERVICE_MONTIR_HOST= "
time="2020-09-11T02:48:36+07:00" level=info msg="SERVICE_MONTIR_PORT= "
time="2020-09-11T02:48:36+07:00" level=info msg="SERVICE_USER_HOST= "
time="2020-09-11T02:48:36+07:00" level=info msg="SERVICE_USER_PORT= "
time="2020-09-11T02:48:36+07:00" level=info msg="Server Start at http://:"
time="2020-09-11T02:56:39+07:00" level=info msg="ENVIRONMENT VARIABLE"
time="2020-09-11T02:56:39+07:00" level=info msg="API_GATEWAY_SERVER_HOST= "
time="2020-09-11T02:56:39+07:00" level=info msg="API_GATEWAY_SERVER_PORT= "
time="2020-09-11T02:56:39+07:00" level=info msg="SERVICE_LOGIN_HOST= "
time="2020-09-11T02:56:39+07:00" level=info msg="SERVICE_LOGIN_PORT= "
time="2020-09-11T02:56:39+07:00" level=info msg="SERVICE_TRANSACTION_HOST= "
time="2020-09-11T02:56:39+07:00" level=info msg="SERVICE_TRANSACTION_PORT= "
time="2020-09-11T02:56:39+07:00" level=info msg="SERVICE_MONTIR_HOST= "
time="2020-09-11T02:56:39+07:00" level=info msg="SERVICE_MONTIR_PORT= "
time="2020-09-11T02:56:39+07:00" level=info msg="SERVICE_USER_HOST= "
time="2020-09-11T02:56:39+07:00" level=info msg="SERVICE_USER_PORT= "
time="2020-09-11T02:56:39+07:00" level=info msg="Server Start at http://:"
time="2020-09-11T03:36:28+07:00" level=info msg="ENVIRONMENT VARIABLE"
time="2020-09-11T03:36:28+07:00" level=info msg="API_GATEWAY_SERVER_HOST= localhost"
time="2020-09-11T03:36:28+07:00" level=info msg="API_GATEWAY_SERVER_PORT= 8080"
time="2020-09-11T03:36:28+07:00" level=info msg="SERVICE_LOGIN_HOST= localhost"
time="2020-09-11T03:36:29+07:00" level=info msg="SERVICE_LOGIN_PORT= 9000"
time="2020-09-11T03:36:29+07:00" level=info msg="SERVICE_TRANSACTION_HOST= localhost"
time="2020-09-11T03:36:29+07:00" level=info msg="SERVICE_TRANSACTION_PORT= 6000"
time="2020-09-11T03:36:29+07:00" level=info msg="SERVICE_MONTIR_HOST= localhost"
time="2020-09-11T03:36:29+07:00" level=info msg="SERVICE_MONTIR_PORT= 8000"
time="2020-09-11T03:36:29+07:00" level=info msg="SERVICE_USER_HOST= localhost"
time="2020-09-11T03:36:29+07:00" level=info msg="SERVICE_USER_PORT= 7000"
time="2020-09-11T03:36:29+07:00" level=info msg="Server Start at http://localhost:8080"
time="2020-09-11T03:47:19+07:00" level=info msg="ENVIRONMENT VARIABLE"
time="2020-09-11T03:47:19+07:00" level=info msg="API_GATEWAY_SERVER_HOST= localhost"
time="2020-09-11T03:47:19+07:00" level=info msg="API_GATEWAY_SERVER_PORT= 8080"
time="2020-09-11T03:47:19+07:00" level=info msg="SERVICE_LOGIN_HOST= localhost"
time="2020-09-11T03:47:19+07:00" level=info msg="SERVICE_LOGIN_PORT= 9000"
time="2020-09-11T03:47:19+07:00" level=info msg="SERVICE_TRANSACTION_HOST= localhost"
time="2020-09-11T03:47:19+07:00" level=info msg="SERVICE_TRANSACTION_PORT= 6000"
time="2020-09-11T03:47:19+07:00" level=info msg="SERVICE_MONTIR_HOST= localhost"
time="2020-09-11T03:47:19+07:00" level=info msg="SERVICE_MONTIR_PORT= 8000"
time="2020-09-11T03:47:19+07:00" level=info msg="SERVICE_USER_HOST= localhost"
time="2020-09-11T03:47:19+07:00" level=info msg="SERVICE_USER_PORT= 7000"
time="2020-09-11T03:47:20+07:00" level=info msg="Server Start at http://localhost:8080"
time="2020-09-11T03:55:55+07:00" level=info msg="ENVIRONMENT VARIABLE"
time="2020-09-11T03:55:55+07:00" level=info msg="API_GATEWAY_SERVER_HOST= localhost"
time="2020-09-11T03:55:55+07:00" level=info msg="API_GATEWAY_SERVER_PORT= 8080"
time="2020-09-11T03:55:55+07:00" level=info msg="SERVICE_LOGIN_HOST= localhost"
time="2020-09-11T03:55:55+07:00" level=info msg="SERVICE_LOGIN_PORT= 9000"
time="2020-09-11T03:55:55+07:00" level=info msg="SERVICE_TRANSACTION_HOST= localhost"
time="2020-09-11T03:55:55+07:00" level=info msg="SERVICE_TRANSACTION_PORT= 6000"
time="2020-09-11T03:55:55+07:00" level=info msg="SERVICE_MONTIR_HOST= localhost"
time="2020-09-11T03:55:55+07:00" level=info msg="SERVICE_MONTIR_PORT= 8000"
time="2020-09-11T03:55:55+07:00" level=info msg="SERVICE_USER_HOST= localhost"
time="2020-09-11T03:55:55+07:00" level=info msg="SERVICE_USER_PORT= 7000"
time="2020-09-11T03:55:55+07:00" level=info msg="Server Start at http://localhost:8080"
