time="2020-09-10T22:37:57+07:00" level=info msg="ENVIRONMENT VARIABLE"
time="2020-09-10T22:37:57+07:00" level=info msg="GRPC_SERVICE_USER_HOST= tcp"
time="2020-09-10T22:37:57+07:00" level=info msg="GRPC_SERVICE_USER_PORT= 7000"
time="2020-09-10T22:37:57+07:00" level=info msg="MYSQL_DB_DRIVER= mysql"
time="2020-09-10T22:37:57+07:00" level=info msg="MYSQL_DB_USER= root"
time="2020-09-10T22:37:57+07:00" level=info msg="MYSQL_DB_PASSWORD= admin"
time="2020-09-10T22:37:57+07:00" level=info msg="MYSQL_DB_NAME= tublessin_user"
time="2020-09-10T22:37:57+07:00" level=info msg="MYSQL_DB_HOST= localhost"
time="2020-09-10T22:37:57+07:00" level=info msg="MYSQL_DB_PORT= 3306"
time="2020-09-10T22:37:57+07:00" level=info msg="DataBase Successfully Connected"
time="2020-09-10T22:37:57+07:00" level=info msg="Starting User-Service server at port 7000"
time="2020-09-10T22:43:47+07:00" level=info msg="ENVIRONMENT VARIABLE"
time="2020-09-10T22:43:47+07:00" level=info msg="GRPC_SERVICE_USER_HOST= tcp"
time="2020-09-10T22:43:47+07:00" level=info msg="GRPC_SERVICE_USER_PORT= 7000"
time="2020-09-10T22:43:47+07:00" level=info msg="MYSQL_DB_DRIVER= mysql"
time="2020-09-10T22:43:47+07:00" level=info msg="MYSQL_DB_USER= root"
time="2020-09-10T22:43:47+07:00" level=info msg="MYSQL_DB_PASSWORD= admin"
time="2020-09-10T22:43:47+07:00" level=info msg="MYSQL_DB_NAME= tublessin_user"
time="2020-09-10T22:43:47+07:00" level=info msg="MYSQL_DB_HOST= localhost"
time="2020-09-10T22:43:47+07:00" level=info msg="MYSQL_DB_PORT= 3306"
time="2020-09-10T22:43:47+07:00" level=info msg="DataBase Successfully Connected"
time="2020-09-10T22:43:47+07:00" level=info msg="Starting User-Service server at port 7000"
time="2020-09-10T22:44:31+07:00" level=warning msg="Error 1062: Duplicate entry 'sapi' for key 'user_account.username_UNIQUE'"
time="2020-09-10T22:45:41+07:00" level=warning msg="Error 1062: Duplicate entry 'sapi' for key 'user_account.username_UNIQUE'"
time="2020-09-10T22:45:48+07:00" level=warning msg="Error 1062: Duplicate entry 'sapi' for key 'user_account.username_UNIQUE'"
time="2020-09-10T22:47:27+07:00" level=info msg="ENVIRONMENT VARIABLE"
time="2020-09-10T22:47:27+07:00" level=info msg="GRPC_SERVICE_USER_HOST= tcp"
time="2020-09-10T22:47:27+07:00" level=info msg="GRPC_SERVICE_USER_PORT= 7000"
time="2020-09-10T22:47:27+07:00" level=info msg="MYSQL_DB_DRIVER= mysql"
time="2020-09-10T22:47:27+07:00" level=info msg="MYSQL_DB_USER= root"
time="2020-09-10T22:47:27+07:00" level=info msg="MYSQL_DB_PASSWORD= admin"
time="2020-09-10T22:47:27+07:00" level=info msg="MYSQL_DB_NAME= tublessin_user"
time="2020-09-10T22:47:27+07:00" level=info msg="MYSQL_DB_HOST= localhost"
time="2020-09-10T22:47:27+07:00" level=info msg="MYSQL_DB_PORT= 3306"
time="2020-09-10T22:47:28+07:00" level=info msg="DataBase Successfully Connected"
time="2020-09-10T22:47:28+07:00" level=info msg="Starting User-Service server at port 7000"
time="2020-09-10T22:47:40+07:00" level=info msg="Error 1062: Duplicate entry 'sapi' for key 'user_account.username_UNIQUE'"
time="2020-09-10T22:51:04+07:00" level=info msg="ENVIRONMENT VARIABLE"
time="2020-09-10T22:51:04+07:00" level=info msg="GRPC_SERVICE_USER_HOST= tcp"
time="2020-09-10T22:51:04+07:00" level=info msg="GRPC_SERVICE_USER_PORT= 7000"
time="2020-09-10T22:51:04+07:00" level=info msg="MYSQL_DB_DRIVER= mysql"
time="2020-09-10T22:51:04+07:00" level=info msg="MYSQL_DB_USER= root"
time="2020-09-10T22:51:04+07:00" level=info msg="MYSQL_DB_PASSWORD= admin"
time="2020-09-10T22:51:04+07:00" level=info msg="MYSQL_DB_NAME= tublessin_user"
time="2020-09-10T22:51:04+07:00" level=info msg="MYSQL_DB_HOST= localhost"
time="2020-09-10T22:51:04+07:00" level=info msg="MYSQL_DB_PORT= 3306"
time="2020-09-10T22:51:04+07:00" level=info msg="DataBase Successfully Connected"
time="2020-09-10T22:51:04+07:00" level=info msg="Starting User-Service server at port 7000"
time="2020-09-10T22:51:34+07:00" level=info msg="Error 1062: Duplicate entry 'sapi' for key 'user_account.username_UNIQUE'"
time="2020-09-10T22:51:59+07:00" level=info msg="Error 1062: Duplicate entry 'sapi' for key 'user_account.username_UNIQUE'"
time="2020-09-10T22:53:26+07:00" level=info msg="ENVIRONMENT VARIABLE"
time="2020-09-10T22:53:26+07:00" level=info msg="GRPC_SERVICE_USER_HOST= tcp"
time="2020-09-10T22:53:26+07:00" level=info msg="GRPC_SERVICE_USER_PORT= 7000"
time="2020-09-10T22:53:26+07:00" level=info msg="MYSQL_DB_DRIVER= mysql"
time="2020-09-10T22:53:26+07:00" level=info msg="MYSQL_DB_USER= root"
time="2020-09-10T22:53:26+07:00" level=info msg="MYSQL_DB_PASSWORD= admin"
time="2020-09-10T22:53:26+07:00" level=info msg="MYSQL_DB_NAME= tublessin_user"
time="2020-09-10T22:53:26+07:00" level=info msg="MYSQL_DB_HOST= localhost"
time="2020-09-10T22:53:26+07:00" level=info msg="MYSQL_DB_PORT= 3306"
time="2020-09-10T22:53:26+07:00" level=info msg="DataBase Successfully Connected"
time="2020-09-10T22:53:26+07:00" level=info msg="Starting User-Service server at port 7000"
